<?xml version="1.0" encoding="UTF-8"?>
<!-- Generated by org.testng.reporters.JUnitXMLReporter -->
<testsuite hostname="DPCD-D6M98R1" ignored="7" name="Brandsdal" tests="5" failures="0" timestamp="11 Apr 2018 12:02:07 GMT" time="430.11" errors="0">
  <testcase name="guestPrepayment" time="66.762" classname="src.com.pack.common.tests.CheckOutPageTest"/>
  <testcase name="guestCheckout" time="76.151" classname="src.com.pack.common.tests.CheckOutPageTest"/>
  <testcase name="mastercguest" time="86.205" classname="src.com.pack.common.tests.CheckOutPageTest"/>
  <testcase name="loggedinuserCheckout" time="84.251" classname="src.com.pack.common.tests.CheckOutPageTest"/>
  <testcase name="loggedinuserCollector" time="85.143" classname="src.com.pack.common.tests.CheckOutPageTest"/>
  <testcase name="guestBankaxess" time="0.0" classname="src.com.pack.common.tests.CheckOutPageTest">
    <ignored/>
  </testcase> <!-- guestBankaxess -->
  <testcase name="loggedinuserDankort" time="0.0" classname="src.com.pack.common.tests.CheckOutPageTest">
    <ignored/>
  </testcase> <!-- loggedinuserDankort -->
  <testcase name="loggedinuserEasyPayment" time="0.0" classname="src.com.pack.common.tests.CheckOutPageTest">
    <ignored/>
  </testcase> <!-- loggedinuserEasyPayment -->
  <testcase name="RegisterMasterPass" time="0.0" classname="src.com.pack.common.tests.CheckOutPageTest">
    <ignored/>
  </testcase> <!-- RegisterMasterPass -->
  <testcase name="loggedinusersofort" time="0.0" classname="src.com.pack.common.tests.CheckOutPageTest">
    <ignored/>
  </testcase> <!-- loggedinusersofort -->
  <testcase name="loggedinuserTrustly" time="0.0" classname="src.com.pack.common.tests.CheckOutPageTest">
    <ignored/>
  </testcase> <!-- loggedinuserTrustly -->
  <testcase name="loggedinuserpaypal" time="0.0" classname="src.com.pack.common.tests.CheckOutPageTest">
    <ignored/>
  </testcase> <!-- loggedinuserpaypal -->
</testsuite> <!-- Brandsdal -->
