<?xml version="1.0" encoding="UTF-8"?>
<!-- Generated by org.testng.reporters.JUnitXMLReporter -->
<testsuite hostname="DPCD-D6M98R1" ignored="6" name="CP-Germany" tests="6" failures="0" timestamp="02 May 2018 05:19:04 GMT" time="540.612" errors="0">
  <testcase name="guestCheckout" time="63.609" classname="src.com.pack.common.tests.CheckOutPageTest"/>
  <testcase name="mastercguest" time="69.35" classname="src.com.pack.common.tests.CheckOutPageTest"/>
  <testcase name="loggedinuserCheckout" time="78.815" classname="src.com.pack.common.tests.CheckOutPageTest"/>
  <testcase name="loggedinusersofort" time="73.698" classname="src.com.pack.common.tests.CheckOutPageTest"/>
  <testcase name="loggedinuserpaypal" time="157.001" classname="src.com.pack.common.tests.CheckOutPageTest"/>
  <testcase name="loggedinuserCollector" time="78.226" classname="src.com.pack.common.tests.CheckOutPageTest"/>
  <testcase name="guestPrepayment" time="0.0" classname="src.com.pack.common.tests.CheckOutPageTest">
    <ignored/>
  </testcase> <!-- guestPrepayment -->
  <testcase name="guestBankaxess" time="0.0" classname="src.com.pack.common.tests.CheckOutPageTest">
    <ignored/>
  </testcase> <!-- guestBankaxess -->
  <testcase name="loggedinuserDankort" time="0.0" classname="src.com.pack.common.tests.CheckOutPageTest">
    <ignored/>
  </testcase> <!-- loggedinuserDankort -->
  <testcase name="loggedinuserEasyPayment" time="0.0" classname="src.com.pack.common.tests.CheckOutPageTest">
    <ignored/>
  </testcase> <!-- loggedinuserEasyPayment -->
  <testcase name="RegisterMasterPass" time="0.0" classname="src.com.pack.common.tests.CheckOutPageTest">
    <ignored/>
  </testcase> <!-- RegisterMasterPass -->
  <testcase name="loggedinuserTrustly" time="0.0" classname="src.com.pack.common.tests.CheckOutPageTest">
    <ignored/>
  </testcase> <!-- loggedinuserTrustly -->
</testsuite> <!-- CP-Germany -->
