<?xml version="1.0" encoding="UTF-8"?>
<!-- Generated by org.testng.reporters.JUnitXMLReporter -->
<testsuite hostname="DPCD-D6M98R1" ignored="7" name="CP-Sweden" tests="5" failures="0" timestamp="11 Apr 2018 11:54:56 GMT" time="314.22" errors="0">
  <testcase name="guestCheckout" time="66.738" classname="src.com.pack.common.tests.CheckOutPageTest"/>
  <testcase name="mastercguest" time="51.114" classname="src.com.pack.common.tests.CheckOutPageTest"/>
  <testcase name="loggedinuserCheckout" time="55.31" classname="src.com.pack.common.tests.CheckOutPageTest"/>
  <testcase name="loggedinuserCollector" time="51.834" classname="src.com.pack.common.tests.CheckOutPageTest"/>
  <testcase name="loggedinuserTrustly" time="58.804" classname="src.com.pack.common.tests.CheckOutPageTest"/>
  <testcase name="guestPrepayment" time="0.0" classname="src.com.pack.common.tests.CheckOutPageTest">
    <ignored/>
  </testcase> <!-- guestPrepayment -->
  <testcase name="guestBankaxess" time="0.0" classname="src.com.pack.common.tests.CheckOutPageTest">
    <ignored/>
  </testcase> <!-- guestBankaxess -->
  <testcase name="loggedinuserDankort" time="0.0" classname="src.com.pack.common.tests.CheckOutPageTest">
    <ignored/>
  </testcase> <!-- loggedinuserDankort -->
  <testcase name="loggedinuserEasyPayment" time="0.0" classname="src.com.pack.common.tests.CheckOutPageTest">
    <ignored/>
  </testcase> <!-- loggedinuserEasyPayment -->
  <testcase name="RegisterMasterPass" time="0.0" classname="src.com.pack.common.tests.CheckOutPageTest">
    <ignored/>
  </testcase> <!-- RegisterMasterPass -->
  <testcase name="loggedinusersofort" time="0.0" classname="src.com.pack.common.tests.CheckOutPageTest">
    <ignored/>
  </testcase> <!-- loggedinusersofort -->
  <testcase name="loggedinuserpaypal" time="0.0" classname="src.com.pack.common.tests.CheckOutPageTest">
    <ignored/>
  </testcase> <!-- loggedinuserpaypal -->
</testsuite> <!-- CP-Sweden -->
