<?xml version="1.0" encoding="UTF-8"?>
<!-- Generated by org.testng.reporters.JUnitXMLReporter -->
<testsuite hostname="DPCD-D6M98R1" ignored="10" name="Netthandelen" tests="2" failures="0" timestamp="12 Apr 2018 09:26:43 GMT" time="174.024" errors="0">
  <testcase name="loggedinuserCheckout" time="79.181" classname="src.com.pack.common.tests.CheckOutPageTest"/>
  <testcase name="loggedinuserCollector" time="55.496" classname="src.com.pack.common.tests.CheckOutPageTest"/>
  <testcase name="guestPrepayment" time="0.0" classname="src.com.pack.common.tests.CheckOutPageTest">
    <ignored/>
  </testcase> <!-- guestPrepayment -->
  <testcase name="mastercguest" time="0.0" classname="src.com.pack.common.tests.CheckOutPageTest">
    <ignored/>
  </testcase> <!-- mastercguest -->
  <testcase name="guestBankaxess" time="0.0" classname="src.com.pack.common.tests.CheckOutPageTest">
    <ignored/>
  </testcase> <!-- guestBankaxess -->
  <testcase name="loggedinuserDankort" time="0.0" classname="src.com.pack.common.tests.CheckOutPageTest">
    <ignored/>
  </testcase> <!-- loggedinuserDankort -->
  <testcase name="loggedinuserEasyPayment" time="0.0" classname="src.com.pack.common.tests.CheckOutPageTest">
    <ignored/>
  </testcase> <!-- loggedinuserEasyPayment -->
  <testcase name="RegisterMasterPass" time="0.0" classname="src.com.pack.common.tests.CheckOutPageTest">
    <ignored/>
  </testcase> <!-- RegisterMasterPass -->
  <testcase name="loggedinusersofort" time="0.0" classname="src.com.pack.common.tests.CheckOutPageTest">
    <ignored/>
  </testcase> <!-- loggedinusersofort -->
  <testcase name="guestCheckout" time="0.0" classname="src.com.pack.common.tests.CheckOutPageTest">
    <ignored/>
  </testcase> <!-- guestCheckout -->
  <testcase name="loggedinuserTrustly" time="0.0" classname="src.com.pack.common.tests.CheckOutPageTest">
    <ignored/>
  </testcase> <!-- loggedinuserTrustly -->
  <testcase name="loggedinuserpaypal" time="0.0" classname="src.com.pack.common.tests.CheckOutPageTest">
    <ignored/>
  </testcase> <!-- loggedinuserpaypal -->
</testsuite> <!-- Netthandelen -->
