<?xml version="1.0" encoding="UTF-8"?>
<!-- Generated by org.testng.reporters.JUnitXMLReporter -->
<testsuite hostname="DPCD-D6M98R1" ignored="0" name="BliVakker" tests="8" failures="0" timestamp="23 Apr 2018 06:03:50 GMT" time="309.364" errors="0">
  <testcase name="HomepageTest" time="5.284" classname="src.com.pack.common.tests.LiveTest"/>
  <testcase name="SearchFunctionality" time="24.032" classname="src.com.pack.common.tests.LiveTest"/>
  <testcase name="register" time="15.34" classname="src.com.pack.common.tests.LiveTest"/>
  <testcase name="productList" time="32.398" classname="src.com.pack.common.tests.LiveTest"/>
  <testcase name="wishlist" time="28.251" classname="src.com.pack.common.tests.LiveTest"/>
  <testcase name="productdetail" time="0.42" classname="src.com.pack.common.tests.LiveTest"/>
  <testcase name="cartpage" time="155.585" classname="src.com.pack.common.tests.LiveTest"/>
  <testcase name="checkout" time="9.266" classname="src.com.pack.common.tests.LiveTest"/>
</testsuite> <!-- BliVakker -->
