<?xml version="1.0" encoding="UTF-8"?>
<!-- Generated by org.testng.reporters.JUnitXMLReporter -->
<testsuite hostname="DPCD-D6M98R1" ignored="0" name="Brandsdal" tests="8" failures="0" timestamp="23 Apr 2018 06:12:09 GMT" time="177.861" errors="0">
  <testcase name="HomepageTest" time="4.672" classname="src.com.pack.common.tests.LiveTest"/>
  <testcase name="SearchFunctionality" time="21.981" classname="src.com.pack.common.tests.LiveTest"/>
  <testcase name="register" time="14.013" classname="src.com.pack.common.tests.LiveTest"/>
  <testcase name="productList" time="28.979" classname="src.com.pack.common.tests.LiveTest"/>
  <testcase name="wishlist" time="26.643" classname="src.com.pack.common.tests.LiveTest"/>
  <testcase name="productdetail" time="0.453" classname="src.com.pack.common.tests.LiveTest"/>
  <testcase name="cartpage" time="33.3" classname="src.com.pack.common.tests.LiveTest"/>
  <testcase name="checkout" time="8.421" classname="src.com.pack.common.tests.LiveTest"/>
</testsuite> <!-- Brandsdal -->
