<html>
<head>
<title>TestNG:  CP-Austria</title>
<link href="../testng.css" rel="stylesheet" type="text/css" />
<link href="../my-testng.css" rel="stylesheet" type="text/css" />

<style type="text/css">
.log { display: none;} 
.stack-trace { display: none;} 
</style>
<script type="text/javascript">
<!--
function flip(e) {
  current = e.style.display;
  if (current == 'block') {
    e.style.display = 'none';
    return 0;
  }
  else {
    e.style.display = 'block';
    return 1;
  }
}

function toggleBox(szDivId, elem, msg1, msg2)
{
  var res = -1;  if (document.getElementById) {
    res = flip(document.getElementById(szDivId));
  }
  else if (document.all) {
    // this is the way old msie versions work
    res = flip(document.all[szDivId]);
  }
  if(elem) {
    if(res == 0) elem.innerHTML = msg1; else elem.innerHTML = msg2;
  }

}

function toggleAllBoxes() {
  if (document.getElementsByTagName) {
    d = document.getElementsByTagName('div');
    for (i = 0; i < d.length; i++) {
      if (d[i].className == 'log') {
        flip(d[i]);
      }
    }
  }
}

// -->
</script>

</head>
<body>
<h2 align='center'>CP-Austria</h2><table border='1' align="center">
<tr>
<td>Tests passed/Failed/Skipped:</td><td>7/1/0</td>
</tr><tr>
<td>Started on:</td><td>Mon Apr 23 11:42:09 IST 2018</td>
</tr>
<tr><td>Total time:</td><td>160 seconds (160753 ms)</td>
</tr><tr>
<td>Included groups:</td><td></td>
</tr><tr>
<td>Excluded groups:</td><td></td>
</tr>
</table><p/>
<small><i>(Hover the method name to see the test class name)</i></small><p/>
<table width='100%' border='1' class='invocation-failed'>
<tr><td colspan='4' align='center'><b>FAILED TESTS</b></td></tr>
<tr><td><b>Test method</b></td>
<td width="30%"><b>Exception</b></td>
<td width="10%"><b>Time (seconds)</b></td>
<td><b>Instance</b></td>
</tr>
<tr>
<td title='src.com.pack.common.tests.LiveTest.checkout()'><b>checkout</b><br>Test class: src.com.pack.common.tests.LiveTest<br>Test method: Checkout page test<br/>
<a href="#Output-1129944640" onClick='toggleBox("Output-1129944640", this, "Show output", "Hide output");'>Show output</a>

<a href="#Output-1129944640" onClick="toggleAllBoxes();">Show all outputs</a>
<div class='log' id="Output-1129944640">
Verify fields in Checkout form<br/>
First Name Field -true<br/>
Last Name Field -true<br/>
Address  Field -true<br/>
Zipcode  Field -true<br/>
Mobile  Field -true<br/>
Mandatory field check in registration form<br/>
KARTE<br/>
RECHNUNG<br/>
</div>
</td>
<td><div><pre>org.openqa.selenium.StaleElementReferenceException: stale element reference: element is not attached to the page document
  (Session info: chrome=65.0.3325.181)
  (Driver info: chromedriver=2.36.540470 (e522d04694c7ebea4ba8821272dbef4f9b818c91),platform=Windows NT 6.1.7601 SP1 x86_64) (WARNING: The server did not provide any stacktrace information)
Command duration or timeout: 0 milliseconds
For documentation on this error, please visit: http://seleniumhq.org/exceptions/stale_element_reference.html
Build info: version: &apos;3.10.0&apos;, revision: &apos;176b4a9&apos;, time: &apos;2018-03-02T19:11:12.151Z&apos;
System info: host: &apos;DPCD-D6M98R1&apos;, ip: &apos;10.11.16.104&apos;, os.name: &apos;Windows 7&apos;, os.arch: &apos;amd64&apos;, os.version: &apos;6.1&apos;, java.version: &apos;1.8.0_151&apos;
Driver info: org.openqa.selenium.chrome.ChromeDriver
Capabilities {acceptInsecureCerts: false, acceptSslCerts: false, applicationCacheEnabled: false, browserConnectionEnabled: false, browserName: chrome, chrome: {chromedriverVersion: 2.36.540470 (e522d04694c7eb..., userDataDir: C:\Users\RAJEEV~1.SIN\AppDa...}, cssSelectorsEnabled: true, databaseEnabled: false, handlesAlerts: true, hasTouchScreen: false, javascriptEnabled: true, locationContextEnabled: true, mobileEmulationEnabled: false, nativeEvents: true, networkConnectionEnabled: false, pageLoadStrategy: normal, platform: XP, platformName: XP, rotatable: false, setWindowRect: true, takesHeapSnapshot: true, takesScreenshot: true, unexpectedAlertBehaviour: , unhandledPromptBehavior: , version: 65.0.3325.181, webStorageEnabled: true}
Session ID: 795da22701220f59b896f6314f9799c2
	at org.openqa.selenium.remote.ErrorHandler.createThrowable(ErrorHandler.java:214)
	at org.openqa.selenium.remote.ErrorHandler.throwIfResponseFailed(ErrorHandler.java:166)
	at org.openqa.selenium.remote.http.JsonHttpResponseCodec.reconstructValue(JsonHttpResponseCodec.java:40)
	at org.openqa.selenium.remote.http.AbstractHttpResponseCodec.decode(AbstractHttpResponseCodec.java:80)
	at org.openqa.selenium.remote.http.AbstractHttpResponseCodec.decode(AbstractHttpResponseCodec.java:44)
	at org.openqa.selenium.remote.HttpCommandExecutor.execute(HttpCommandExecutor.java:160)
	at org.openqa.selenium.remote.service.DriverCommandExecutor.execute(DriverCommandExecutor.java:83)
	at org.openqa.selenium.remote.RemoteWebDriver.execute(RemoteWebDriver.java:601)
	at org.openqa.selenium.remote.RemoteWebElement.execute(RemoteWebElement.java:279)
	at org.openqa.selenium.remote.RemoteWebElement.getText(RemoteWebElement.java:160)
	at src.com.pack.common.pageobjects.LivePage.checkpaymentmethod(LivePage.java:165)
	at src.com.pack.common.tests.LiveTest.checkout(LiveTest.java:255)
... Removed 30 stack frames</pre></div><a href='#' onClick='toggleBox("stack-trace1129944640", this, "Click to show all stack frames", "Click to hide stack frames")'>Click to show all stack frames</a>
<div class='stack-trace' id='stack-trace1129944640'><pre>org.openqa.selenium.StaleElementReferenceException: stale element reference: element is not attached to the page document
  (Session info: chrome=65.0.3325.181)
  (Driver info: chromedriver=2.36.540470 (e522d04694c7ebea4ba8821272dbef4f9b818c91),platform=Windows NT 6.1.7601 SP1 x86_64) (WARNING: The server did not provide any stacktrace information)
Command duration or timeout: 0 milliseconds
For documentation on this error, please visit: http://seleniumhq.org/exceptions/stale_element_reference.html
Build info: version: &apos;3.10.0&apos;, revision: &apos;176b4a9&apos;, time: &apos;2018-03-02T19:11:12.151Z&apos;
System info: host: &apos;DPCD-D6M98R1&apos;, ip: &apos;10.11.16.104&apos;, os.name: &apos;Windows 7&apos;, os.arch: &apos;amd64&apos;, os.version: &apos;6.1&apos;, java.version: &apos;1.8.0_151&apos;
Driver info: org.openqa.selenium.chrome.ChromeDriver
Capabilities {acceptInsecureCerts: false, acceptSslCerts: false, applicationCacheEnabled: false, browserConnectionEnabled: false, browserName: chrome, chrome: {chromedriverVersion: 2.36.540470 (e522d04694c7eb..., userDataDir: C:\Users\RAJEEV~1.SIN\AppDa...}, cssSelectorsEnabled: true, databaseEnabled: false, handlesAlerts: true, hasTouchScreen: false, javascriptEnabled: true, locationContextEnabled: true, mobileEmulationEnabled: false, nativeEvents: true, networkConnectionEnabled: false, pageLoadStrategy: normal, platform: XP, platformName: XP, rotatable: false, setWindowRect: true, takesHeapSnapshot: true, takesScreenshot: true, unexpectedAlertBehaviour: , unhandledPromptBehavior: , version: 65.0.3325.181, webStorageEnabled: true}
Session ID: 795da22701220f59b896f6314f9799c2
	at sun.reflect.NativeConstructorAccessorImpl.newInstance0(Native Method)
	at sun.reflect.NativeConstructorAccessorImpl.newInstance(Unknown Source)
	at sun.reflect.DelegatingConstructorAccessorImpl.newInstance(Unknown Source)
	at java.lang.reflect.Constructor.newInstance(Unknown Source)
	at org.openqa.selenium.remote.ErrorHandler.createThrowable(ErrorHandler.java:214)
	at org.openqa.selenium.remote.ErrorHandler.throwIfResponseFailed(ErrorHandler.java:166)
	at org.openqa.selenium.remote.http.JsonHttpResponseCodec.reconstructValue(JsonHttpResponseCodec.java:40)
	at org.openqa.selenium.remote.http.AbstractHttpResponseCodec.decode(AbstractHttpResponseCodec.java:80)
	at org.openqa.selenium.remote.http.AbstractHttpResponseCodec.decode(AbstractHttpResponseCodec.java:44)
	at org.openqa.selenium.remote.HttpCommandExecutor.execute(HttpCommandExecutor.java:160)
	at org.openqa.selenium.remote.service.DriverCommandExecutor.execute(DriverCommandExecutor.java:83)
	at org.openqa.selenium.remote.RemoteWebDriver.execute(RemoteWebDriver.java:601)
	at org.openqa.selenium.remote.RemoteWebElement.execute(RemoteWebElement.java:279)
	at org.openqa.selenium.remote.RemoteWebElement.getText(RemoteWebElement.java:160)
	at src.com.pack.common.pageobjects.LivePage.checkpaymentmethod(LivePage.java:165)
	at src.com.pack.common.tests.LiveTest.checkout(LiveTest.java:255)
	at sun.reflect.NativeMethodAccessorImpl.invoke0(Native Method)
	at sun.reflect.NativeMethodAccessorImpl.invoke(Unknown Source)
	at sun.reflect.DelegatingMethodAccessorImpl.invoke(Unknown Source)
	at java.lang.reflect.Method.invoke(Unknown Source)
	at org.testng.internal.MethodInvocationHelper.invokeMethod(MethodInvocationHelper.java:124)
	at org.testng.internal.Invoker.invokeMethod(Invoker.java:571)
	at org.testng.internal.Invoker.invokeTestMethod(Invoker.java:707)
	at org.testng.internal.Invoker.invokeTestMethods(Invoker.java:979)
	at org.testng.internal.TestMethodWorker.invokeTestMethods(TestMethodWorker.java:125)
	at org.testng.internal.TestMethodWorker.run(TestMethodWorker.java:109)
	at org.testng.TestRunner.privateRun(TestRunner.java:648)
	at org.testng.TestRunner.run(TestRunner.java:505)
	at org.testng.SuiteRunner.runTest(SuiteRunner.java:455)
	at org.testng.SuiteRunner.runSequentially(SuiteRunner.java:450)
	at org.testng.SuiteRunner.privateRun(SuiteRunner.java:415)
	at org.testng.SuiteRunner.run(SuiteRunner.java:364)
	at org.testng.SuiteRunnerWorker.runSuite(SuiteRunnerWorker.java:52)
	at org.testng.SuiteRunnerWorker.run(SuiteRunnerWorker.java:84)
	at org.testng.TestNG.runSuitesSequentially(TestNG.java:1187)
	at org.testng.TestNG.runSuitesSequentially(TestNG.java:1183)
	at org.testng.TestNG.runSuitesLocally(TestNG.java:1116)
	at org.testng.TestNG.runSuites(TestNG.java:1028)
	at org.testng.TestNG.run(TestNG.java:996)
	at org.testng.remote.AbstractRemoteTestNG.run(AbstractRemoteTestNG.java:114)
	at org.testng.remote.RemoteTestNG.initAndRun(RemoteTestNG.java:251)
	at org.testng.remote.RemoteTestNG.main(RemoteTestNG.java:77)
</pre></div></td>
<td>0</td>
<td>src.com.pack.common.tests.LiveTest@42607a4f</td></tr>
</table><p>
<table width='100%' border='1' class='invocation-passed'>
<tr><td colspan='4' align='center'><b>PASSED TESTS</b></td></tr>
<tr><td><b>Test method</b></td>
<td width="30%"><b>Exception</b></td>
<td width="10%"><b>Time (seconds)</b></td>
<td><b>Instance</b></td>
</tr>
<tr>
<td title='src.com.pack.common.tests.LiveTest.HomepageTest()'><b>HomepageTest</b><br>Test class: src.com.pack.common.tests.LiveTest<br>Test method: Home Page Check<br/>
<a href="#Output-644052207" onClick='toggleBox("Output-644052207", this, "Show output", "Hide output");'>Show output</a>

<a href="#Output-644052207" onClick="toggleAllBoxes();">Show all outputs</a>
<div class='log' id="Output-644052207">
Logo Title-Cocopanda.at<br/>
Search Box Present -true<br/>
Search Button Present -true<br/>
MyPage icon  -true<br/>
Infocenter icon  -true<br/>
Offer icon  -true<br/>
Wishlist icon  -true<br/>
Cart icon  -true<br/>
Top Usp Bar  -true<br/>
Main Banner  -true<br/>
Recommended Product  -true<br/>
Promo Banner  -true<br/>
Trustpilot  -true<br/>
Bottom Usp Bar  -true<br/>
Footer  -true<br/>
Menu Item-0-MAKE-UP<br/>
Menu Item-1-HAARPFLEGE<br/>
Menu Item-2-HAUTPFLEGE<br/>
Menu Item-3-ACCESSOIRES<br/>
Menu Item-4-PARFUM<br/>
Menu Item-5-HERREN<br/>
Menu Item-6-NEUHEITEN<br/>
Menu Item-7-AUSVERKAUF<br/>
Menu Item-8-TOPSELLER<br/>
Menu Item-9-<br/>
</div>
</td>
<td></td>
<td>5</td>
<td>src.com.pack.common.tests.LiveTest@42607a4f</td></tr>
<tr>
<td title='src.com.pack.common.tests.LiveTest.SearchFunctionality()'><b>SearchFunctionality</b><br>Test class: src.com.pack.common.tests.LiveTest<br>Test method: Search Functionality<br/>
<a href="#Output-616881582" onClick='toggleBox("Output-616881582", this, "Show output", "Hide output");'>Show output</a>

<a href="#Output-616881582" onClick="toggleAllBoxes();">Show all outputs</a>
<div class='log' id="Output-616881582">
Search-Shampoo<br/>
Sorting by Niedrigster Preis<br/>
First item-3,20 €Last item-6,49 €<br/>
Search-Cream<br/>
Sorting by Höchster Rabatt<br/>
First item-49,94 €Last item-52,96 €<br/>
</div>
</td>
<td></td>
<td>21</td>
<td>src.com.pack.common.tests.LiveTest@42607a4f</td></tr>
<tr>
<td title='src.com.pack.common.tests.LiveTest.cartpage()'><b>cartpage</b><br>Test class: src.com.pack.common.tests.LiveTest<br>Test method: Check  page test<br/>
<a href="#Output-997850486" onClick='toggleBox("Output-997850486", this, "Show output", "Hide output");'>Show output</a>

<a href="#Output-997850486" onClick="toggleAllBoxes();">Show all outputs</a>
<div class='log' id="Output-997850486">
Product Final Price- 9,95 €<br/>
Product add to cart- 2<br/>
Total Qty-3 ,Amount-Gesamtbetrag 29,85 €<br/>
Checkout Button Clicked<br/>
Offer Available<br/>
Email Field -true<br/>
</div>
</td>
<td></td>
<td>30</td>
<td>src.com.pack.common.tests.LiveTest@42607a4f</td></tr>
<tr>
<td title='src.com.pack.common.tests.LiveTest.productList()'><b>productList</b><br>Test class: src.com.pack.common.tests.LiveTest<br>Test method: Check Product List Page<br/>
<a href="#Output-85748029" onClick='toggleBox("Output-85748029", this, "Show output", "Hide output");'>Show output</a>

<a href="#Output-85748029" onClick="toggleAllBoxes();">Show all outputs</a>
<div class='log' id="Output-85748029">
Navigate to HomePage<br/>
Clicked on Menu-8-TOPSELLER<br/>
Product Location-8- Product Name -Kérastase Nutritive Nectar Thermique 150ml<br/>
</div>
</td>
<td></td>
<td>26</td>
<td>src.com.pack.common.tests.LiveTest@42607a4f</td></tr>
<tr>
<td title='src.com.pack.common.tests.LiveTest.productdetail()'><b>productdetail</b><br>Test class: src.com.pack.common.tests.LiveTest<br>Test method: Check Product Detail Page<br/>
<a href="#Output-682910755" onClick='toggleBox("Output-682910755", this, "Show output", "Hide output");'>Show output</a>

<a href="#Output-682910755" onClick="toggleAllBoxes();">Show all outputs</a>
<div class='log' id="Output-682910755">
Product Name-Ultra 32 shade Eyeshadow Flawless Matte 16g<br/>
Wishlist button present<br/>
Description Displaying<br/>
Product Image Displaying<br/>
Review button Displaying<br/>
Sale Price Displaying<br/>
Qty dropdown Displaying<br/>
Add to cart  button Displaying<br/>
</div>
</td>
<td></td>
<td>0</td>
<td>src.com.pack.common.tests.LiveTest@42607a4f</td></tr>
<tr>
<td title='src.com.pack.common.tests.LiveTest.register()'><b>register</b><br>Test class: src.com.pack.common.tests.LiveTest<br>Test method: Check Registration Page<br/>
<a href="#Output-176342513" onClick='toggleBox("Output-176342513", this, "Show output", "Hide output");'>Show output</a>

<a href="#Output-176342513" onClick="toggleAllBoxes();">Show all outputs</a>
<div class='log' id="Output-176342513">
Verify fields in registration form<br/>
Email Field -true<br/>
First name Field -true<br/>
Last name Field -true<br/>
Address name Field -true<br/>
Zipcode  Field -true<br/>
Mobile  Field -true<br/>
Password  Field -true<br/>
Password  Field -true<br/>
Mandatory field check in registration form<br/>
Mandatory email  message -true<br/>
Mandatory first name  message -true<br/>
Mandatory last name  message -true<br/>
Mandatory Address  message -true<br/>
Mandatory Zipcode  message -true<br/>
Mandatory Zipcode  message -true<br/>
Mandatory SMS  message -true<br/>
</div>
</td>
<td></td>
<td>3</td>
<td>src.com.pack.common.tests.LiveTest@42607a4f</td></tr>
<tr>
<td title='src.com.pack.common.tests.LiveTest.wishlist()'><b>wishlist</b><br>Test class: src.com.pack.common.tests.LiveTest<br>Test method: Check Wish List Page<br/>
<a href="#Output-1986417638" onClick='toggleBox("Output-1986417638", this, "Show output", "Hide output");'>Show output</a>

<a href="#Output-1986417638" onClick="toggleAllBoxes();">Show all outputs</a>
<div class='log' id="Output-1986417638">
Navigate to HomePage<br/>
Clicked on Menu-8-TOPSELLER<br/>
Product Location-23- Product Name -Makeup Revolution Ultra 32 shade Eyeshadow Flawless Matte 16g<br/>
</div>
</td>
<td></td>
<td>29</td>
<td>src.com.pack.common.tests.LiveTest@42607a4f</td></tr>
</table><p>
</body>
</html>