<?xml version="1.0" encoding="UTF-8"?>
<!-- Generated by org.testng.reporters.JUnitXMLReporter -->
<testsuite hostname="DPCD-D6M98R1" ignored="0" name="CP-Denmark" tests="8" failures="0" timestamp="23 Apr 2018 06:19:59 GMT" time="148.87" errors="0">
  <testcase name="HomepageTest" time="5.156" classname="src.com.pack.common.tests.LiveTest"/>
  <testcase name="SearchFunctionality" time="20.264" classname="src.com.pack.common.tests.LiveTest"/>
  <testcase name="register" time="4.213" classname="src.com.pack.common.tests.LiveTest"/>
  <testcase name="productList" time="30.036" classname="src.com.pack.common.tests.LiveTest"/>
  <testcase name="wishlist" time="27.184" classname="src.com.pack.common.tests.LiveTest"/>
  <testcase name="productdetail" time="0.373" classname="src.com.pack.common.tests.LiveTest"/>
  <testcase name="cartpage" time="23.989" classname="src.com.pack.common.tests.LiveTest"/>
  <testcase name="checkout" time="9.075" classname="src.com.pack.common.tests.LiveTest"/>
</testsuite> <!-- CP-Denmark -->
