<?xml version="1.0" encoding="UTF-8"?>
<!-- Generated by org.testng.reporters.JUnitXMLReporter -->
<testsuite hostname="DPCD-D6M98R1" ignored="0" name="CP-Finland" tests="8" failures="0" timestamp="23 Apr 2018 06:06:40 GMT" time="169.986" errors="0">
  <testcase name="HomepageTest" time="6.153" classname="src.com.pack.common.tests.LiveTest"/>
  <testcase name="SearchFunctionality" time="22.581" classname="src.com.pack.common.tests.LiveTest"/>
  <testcase name="register" time="13.87" classname="src.com.pack.common.tests.LiveTest"/>
  <testcase name="productList" time="31.514" classname="src.com.pack.common.tests.LiveTest"/>
  <testcase name="wishlist" time="26.097" classname="src.com.pack.common.tests.LiveTest"/>
  <testcase name="productdetail" time="0.393" classname="src.com.pack.common.tests.LiveTest"/>
  <testcase name="cartpage" time="22.306" classname="src.com.pack.common.tests.LiveTest"/>
  <testcase name="checkout" time="8.448" classname="src.com.pack.common.tests.LiveTest"/>
</testsuite> <!-- CP-Finland -->
