<?xml version="1.0" encoding="UTF-8"?>
<!-- Generated by org.testng.reporters.JUnitXMLReporter -->
<testsuite hostname="DPCD-D6M98R1" ignored="3" name="CP-Finland" tests="4" failures="0" timestamp="16 Apr 2018 10:09:18 GMT" time="99.45" errors="0">
  <testcase name="productList" time="27.231" classname="src.com.pack.common.tests.LiveTest"/>
  <testcase name="productdetail" time="0.258" classname="src.com.pack.common.tests.LiveTest"/>
  <testcase name="cartpage" time="27.137" classname="src.com.pack.common.tests.LiveTest"/>
  <testcase name="checkout" time="10.229" classname="src.com.pack.common.tests.LiveTest"/>
  <testcase name="HomepageTest" time="0.0" classname="src.com.pack.common.tests.LiveTest">
    <ignored/>
  </testcase> <!-- HomepageTest -->
  <testcase name="register" time="0.0" classname="src.com.pack.common.tests.LiveTest">
    <ignored/>
  </testcase> <!-- register -->
  <testcase name="SearchFunctionality" time="0.0" classname="src.com.pack.common.tests.LiveTest">
    <ignored/>
  </testcase> <!-- SearchFunctionality -->
</testsuite> <!-- CP-Finland -->
