<?xml version="1.0" encoding="UTF-8"?>
<!-- Generated by org.testng.reporters.JUnitXMLReporter -->
<testsuite hostname="DPCD-D6M98R1" ignored="0" name="CP-Germany" tests="8" failures="0" timestamp="23 Apr 2018 06:17:30 GMT" time="159.409" errors="0">
  <testcase name="HomepageTest" time="5.439" classname="src.com.pack.common.tests.LiveTest"/>
  <testcase name="SearchFunctionality" time="23.332" classname="src.com.pack.common.tests.LiveTest"/>
  <testcase name="register" time="3.921" classname="src.com.pack.common.tests.LiveTest"/>
  <testcase name="productList" time="32.23" classname="src.com.pack.common.tests.LiveTest"/>
  <testcase name="wishlist" time="26.955" classname="src.com.pack.common.tests.LiveTest"/>
  <testcase name="productdetail" time="0.377" classname="src.com.pack.common.tests.LiveTest"/>
  <testcase name="cartpage" time="29.647" classname="src.com.pack.common.tests.LiveTest"/>
  <testcase name="checkout" time="7.934" classname="src.com.pack.common.tests.LiveTest"/>
</testsuite> <!-- CP-Germany -->
