<?xml version="1.0" encoding="UTF-8"?>
<!-- Generated by org.testng.reporters.JUnitXMLReporter -->
<testsuite hostname="DPCD-D6M98R1" ignored="0" name="CP-Sweden" tests="8" failures="0" timestamp="23 Apr 2018 06:09:11 GMT" time="151.015" errors="0">
  <testcase name="HomepageTest" time="5.816" classname="src.com.pack.common.tests.LiveTest"/>
  <testcase name="SearchFunctionality" time="20.723" classname="src.com.pack.common.tests.LiveTest"/>
  <testcase name="register" time="3.884" classname="src.com.pack.common.tests.LiveTest"/>
  <testcase name="productList" time="32.019" classname="src.com.pack.common.tests.LiveTest"/>
  <testcase name="wishlist" time="25.997" classname="src.com.pack.common.tests.LiveTest"/>
  <testcase name="productdetail" time="0.423" classname="src.com.pack.common.tests.LiveTest"/>
  <testcase name="cartpage" time="23.864" classname="src.com.pack.common.tests.LiveTest"/>
  <testcase name="checkout" time="8.291" classname="src.com.pack.common.tests.LiveTest"/>
</testsuite> <!-- CP-Sweden -->
