<?xml version="1.0" encoding="UTF-8"?>
<!-- Generated by org.testng.reporters.JUnitXMLReporter -->
<testsuite hostname="DPCD-D6M98R1" ignored="0" name="CP-Denmark" tests="1" failures="0" timestamp="23 Apr 2018 09:31:14 GMT" time="1.005" errors="0">
  <testcase name="@BeforeClass initializeTestBaseSetup" time="0.0" classname="src.com.pack.base.TestBaseSetup">
    <failure type="org.testng.TestNGException" message="
Parameter &amp;apos;env&amp;apos; is required by BeforeClass on method initializeTestBaseSetup but has not been marked @Optional or defined
in C:\Users\rajeev.singh\workspace\Selenium_39\PDA.xml">
      <![CDATA[org.testng.TestNGException: Parameter 'env' is required by BeforeClass on method initializeTestBaseSetup but has not been marked @Optional or definedin C:\Users\rajeev.singh\workspace\Selenium_39\PDA.xml... Removed 24 stack frames]]>
    </failure>
  </testcase> <!-- @BeforeClass initializeTestBaseSetup -->
  <testcase name="@BeforeClass setUp" time="0.0" classname="src.com.pack.common.tests.PDATest">
    <skipped/>
  </testcase> <!-- @BeforeClass setUp -->
  <testcase name="@AfterClass tearDown" time="0.0" classname="src.com.pack.base.TestBaseSetup">
    <skipped/>
  </testcase> <!-- @AfterClass tearDown -->
  <testcase name="PDAChecking" time="0.0" classname="src.com.pack.common.tests.PDATest">
    <skipped/>
  </testcase> <!-- PDAChecking -->
</testsuite> <!-- CP-Denmark -->
