<?xml version="1.0" encoding="UTF-8"?>
<testng-results skipped="0" failed="7" ignored="0" total="42" passed="35">
  <reporter-output>
    <line>
      <![CDATA[Logo Title-Cocopanda.fi]]>
    </line>
    <line>
      <![CDATA[Search Box Present -true]]>
    </line>
    <line>
      <![CDATA[Search Button Present -true]]>
    </line>
    <line>
      <![CDATA[MyPage icon  -true]]>
    </line>
    <line>
      <![CDATA[Infocenter icon  -true]]>
    </line>
    <line>
      <![CDATA[Offer icon  -true]]>
    </line>
    <line>
      <![CDATA[Wishlist icon  -true]]>
    </line>
    <line>
      <![CDATA[Cart icon  -true]]>
    </line>
    <line>
      <![CDATA[Top Usp Bar  -true]]>
    </line>
    <line>
      <![CDATA[Main Banner  -true]]>
    </line>
    <line>
      <![CDATA[Recommended Product  -true]]>
    </line>
    <line>
      <![CDATA[Promo Banner  -true]]>
    </line>
    <line>
      <![CDATA[Search-Shampoo]]>
    </line>
    <line>
      <![CDATA[Sorting by Alin hinta]]>
    </line>
    <line>
      <![CDATA[First item-3,25 €Last item-5,90 €]]>
    </line>
    <line>
      <![CDATA[Search-Cream]]>
    </line>
    <line>
      <![CDATA[Sorting by Suurin alennus]]>
    </line>
    <line>
      <![CDATA[First item-9,60 €Last item-23,95 €]]>
    </line>
    <line>
      <![CDATA[Menu Item-2-IHONHOITO-Total Product-1523]]>
    </line>
    <line>
      <![CDATA[All image is in domain Cocopanda.fi]]>
    </line>
    <line>
      <![CDATA[All image is in domain Cocopanda.fi]]>
    </line>
    <line>
      <![CDATA[All image is in domain Cocopanda.fi]]>
    </line>
    <line>
      <![CDATA[All image is in domain Cocopanda.fi]]>
    </line>
    <line>
      <![CDATA[All image is in domain Cocopanda.fi]]>
    </line>
    <line>
      <![CDATA[All image is in domain Cocopanda.fi]]>
    </line>
    <line>
      <![CDATA[All image is in domain Cocopanda.fi]]>
    </line>
    <line>
      <![CDATA[All image is in domain Cocopanda.fi]]>
    </line>
    <line>
      <![CDATA[All image is in domain Cocopanda.fi]]>
    </line>
    <line>
      <![CDATA[All image is in domain Cocopanda.fi]]>
    </line>
    <line>
      <![CDATA[All image is in domain Cocopanda.fi]]>
    </line>
    <line>
      <![CDATA[All image is in domain Cocopanda.fi]]>
    </line>
    <line>
      <![CDATA[All image is in domain Cocopanda.fi]]>
    </line>
    <line>
      <![CDATA[All image is in domain Cocopanda.fi]]>
    </line>
    <line>
      <![CDATA[All image is in domain Cocopanda.fi]]>
    </line>
    <line>
      <![CDATA[All image is in domain Cocopanda.fi]]>
    </line>
    <line>
      <![CDATA[All image is in domain Cocopanda.fi]]>
    </line>
    <line>
      <![CDATA[All image is in domain Cocopanda.fi]]>
    </line>
    <line>
      <![CDATA[All image is in domain Cocopanda.fi]]>
    </line>
    <line>
      <![CDATA[All image is in domain Cocopanda.fi]]>
    </line>
    <line>
      <![CDATA[All image is in domain Cocopanda.fi]]>
    </line>
    <line>
      <![CDATA[All image is in domain Cocopanda.fi]]>
    </line>
    <line>
      <![CDATA[All image is in domain Cocopanda.fi]]>
    </line>
    <line>
      <![CDATA[All image is in domain Cocopanda.fi]]>
    </line>
    <line>
      <![CDATA[All image is in domain Cocopanda.fi]]>
    </line>
    <line>
      <![CDATA[All image is in domain Cocopanda.fi]]>
    </line>
    <line>
      <![CDATA[All image is in domain Cocopanda.fi]]>
    </line>
    <line>
      <![CDATA[All image is in domain Cocopanda.fi]]>
    </line>
    <line>
      <![CDATA[Verify fields in registration form]]>
    </line>
    <line>
      <![CDATA[Mandatory field check in registration form]]>
    </line>
    <line>
      <![CDATA[Navigate to HomePage]]>
    </line>
    <line>
      <![CDATA[Clicked on Menu-7-OUTLET]]>
    </line>
    <line>
      <![CDATA[Product Location-12- Product Name -glóMinerals Corrective Camouflage Kit 4,25g]]>
    </line>
    <line>
      <![CDATA[Product Name-glóMinerals Corrective Camouflage Kit 4,25g]]>
    </line>
    <line>
      <![CDATA[Wishlist button present]]>
    </line>
    <line>
      <![CDATA[Final  Rating-]]>
    </line>
    <line>
      <![CDATA[Description Displaying]]>
    </line>
    <line>
      <![CDATA[Product Image Displaying]]>
    </line>
    <line>
      <![CDATA[Review button Displaying]]>
    </line>
    <line>
      <![CDATA[Sale Price Displaying]]>
    </line>
    <line>
      <![CDATA[Qty dropdown Displaying]]>
    </line>
    <line>
      <![CDATA[Add to cart  button Displaying]]>
    </line>
    <line>
      <![CDATA[Navigate to HomePage]]>
    </line>
    <line>
      <![CDATA[Clicked on Menu-7-OUTLET]]>
    </line>
    <line>
      <![CDATA[Product Location-21- Product Name -Wella Professionals Enrich Detangling Spray 150 ml]]>
    </line>
    <line>
      <![CDATA[Product Final Price- 7,80 €]]>
    </line>
    <line>
      <![CDATA[Product add to cart- 2]]>
    </line>
    <line>
      <![CDATA[Total Qty-3 ,Amount-Yhteensä 26,40 €]]>
    </line>
    <line>
      <![CDATA[Checkout Button Clicked]]>
    </line>
    <line>
      <![CDATA[Offer Available]]>
    </line>
    <line>
      <![CDATA[Click Checkout button from Offer page]]>
    </line>
    <line>
      <![CDATA[Logo Title-Cocopanda.se]]>
    </line>
    <line>
      <![CDATA[Search Box Present -true]]>
    </line>
    <line>
      <![CDATA[Search Button Present -true]]>
    </line>
    <line>
      <![CDATA[MyPage icon  -true]]>
    </line>
    <line>
      <![CDATA[Infocenter icon  -true]]>
    </line>
    <line>
      <![CDATA[Offer icon  -true]]>
    </line>
    <line>
      <![CDATA[Wishlist icon  -true]]>
    </line>
    <line>
      <![CDATA[Cart icon  -true]]>
    </line>
    <line>
      <![CDATA[Top Usp Bar  -true]]>
    </line>
    <line>
      <![CDATA[Main Banner  -true]]>
    </line>
    <line>
      <![CDATA[Recommended Product  -true]]>
    </line>
    <line>
      <![CDATA[Promo Banner  -true]]>
    </line>
    <line>
      <![CDATA[Search-Shampoo]]>
    </line>
    <line>
      <![CDATA[Sorting by Lägsta pris]]>
    </line>
    <line>
      <![CDATA[First item-31 krLast item-349 kr]]>
    </line>
    <line>
      <![CDATA[Search-Cream]]>
    </line>
    <line>
      <![CDATA[Sorting by Högsta rabatt]]>
    </line>
    <line>
      <![CDATA[First item-99 krLast item-95 kr]]>
    </line>
    <line>
      <![CDATA[Menu Item-2-HUDVÅRD-Total Product-1586]]>
    </line>
    <line>
      <![CDATA[All image is in domain Cocopanda.se]]>
    </line>
    <line>
      <![CDATA[All image is in domain Cocopanda.se]]>
    </line>
    <line>
      <![CDATA[All image is in domain Cocopanda.se]]>
    </line>
    <line>
      <![CDATA[All image is in domain Cocopanda.se]]>
    </line>
    <line>
      <![CDATA[All image is in domain Cocopanda.se]]>
    </line>
    <line>
      <![CDATA[All image is in domain Cocopanda.se]]>
    </line>
    <line>
      <![CDATA[All image is in domain Cocopanda.se]]>
    </line>
    <line>
      <![CDATA[All image is in domain Cocopanda.se]]>
    </line>
    <line>
      <![CDATA[All image is in domain Cocopanda.se]]>
    </line>
    <line>
      <![CDATA[All image is in domain Cocopanda.se]]>
    </line>
    <line>
      <![CDATA[All image is in domain Cocopanda.se]]>
    </line>
    <line>
      <![CDATA[All image is in domain Cocopanda.se]]>
    </line>
    <line>
      <![CDATA[All image is in domain Cocopanda.se]]>
    </line>
    <line>
      <![CDATA[All image is in domain Cocopanda.se]]>
    </line>
    <line>
      <![CDATA[All image is in domain Cocopanda.se]]>
    </line>
    <line>
      <![CDATA[All image is in domain Cocopanda.se]]>
    </line>
    <line>
      <![CDATA[All image is in domain Cocopanda.se]]>
    </line>
    <line>
      <![CDATA[All image is in domain Cocopanda.se]]>
    </line>
    <line>
      <![CDATA[All image is in domain Cocopanda.se]]>
    </line>
    <line>
      <![CDATA[All image is in domain Cocopanda.se]]>
    </line>
    <line>
      <![CDATA[All image is in domain Cocopanda.se]]>
    </line>
    <line>
      <![CDATA[All image is in domain Cocopanda.se]]>
    </line>
    <line>
      <![CDATA[All image is in domain Cocopanda.se]]>
    </line>
    <line>
      <![CDATA[All image is in domain Cocopanda.se]]>
    </line>
    <line>
      <![CDATA[All image is in domain Cocopanda.se]]>
    </line>
    <line>
      <![CDATA[All image is in domain Cocopanda.se]]>
    </line>
    <line>
      <![CDATA[All image is in domain Cocopanda.se]]>
    </line>
    <line>
      <![CDATA[All image is in domain Cocopanda.se]]>
    </line>
    <line>
      <![CDATA[Verify fields in registration form]]>
    </line>
    <line>
      <![CDATA[Mandatory field check in registration form]]>
    </line>
    <line>
      <![CDATA[Navigate to HomePage]]>
    </line>
    <line>
      <![CDATA[Clicked on Menu-7-OUTLET]]>
    </line>
    <line>
      <![CDATA[Product Location-9- Product Name -Hot Make Up Lipgloss Collection Go Glow 6st.]]>
    </line>
    <line>
      <![CDATA[Product Name-Lipgloss Collection Go Glow 6st.]]>
    </line>
    <line>
      <![CDATA[Wishlist button present]]>
    </line>
    <line>
      <![CDATA[Final  Rating-]]>
    </line>
    <line>
      <![CDATA[Description Displaying]]>
    </line>
    <line>
      <![CDATA[Product Image Displaying]]>
    </line>
    <line>
      <![CDATA[Review button Displaying]]>
    </line>
    <line>
      <![CDATA[Sale Price Displaying]]>
    </line>
    <line>
      <![CDATA[Qty dropdown Displaying]]>
    </line>
    <line>
      <![CDATA[Add to cart  button Displaying]]>
    </line>
    <line>
      <![CDATA[Navigate to HomePage]]>
    </line>
    <line>
      <![CDATA[Clicked on Menu-7-OUTLET]]>
    </line>
    <line>
      <![CDATA[Product Location-21- Product Name -L'Oréal Paris Collection Exclusive Color Riche Freida's Pure Red]]>
    </line>
    <line>
      <![CDATA[Product Final Price- 69 kr]]>
    </line>
    <line>
      <![CDATA[Product add to cart- 2]]>
    </line>
    <line>
      <![CDATA[Total Qty-3 ,Amount-Totalt 207 kr]]>
    </line>
    <line>
      <![CDATA[Checkout Button Clicked]]>
    </line>
    <line>
      <![CDATA[Offer Available]]>
    </line>
    <line>
      <![CDATA[Click Checkout button from Offer page]]>
    </line>
    <line>
      <![CDATA[Logo Title-Brandsdal.no]]>
    </line>
    <line>
      <![CDATA[Search Box Present -true]]>
    </line>
    <line>
      <![CDATA[Search Button Present -true]]>
    </line>
    <line>
      <![CDATA[MyPage icon  -true]]>
    </line>
    <line>
      <![CDATA[Infocenter icon  -true]]>
    </line>
    <line>
      <![CDATA[Offer icon  -true]]>
    </line>
    <line>
      <![CDATA[Wishlist icon  -true]]>
    </line>
    <line>
      <![CDATA[Cart icon  -true]]>
    </line>
    <line>
      <![CDATA[Top Usp Bar  -true]]>
    </line>
    <line>
      <![CDATA[Main Banner  -true]]>
    </line>
    <line>
      <![CDATA[Recommended Product  -true]]>
    </line>
    <line>
      <![CDATA[Promo Banner  -true]]>
    </line>
    <line>
      <![CDATA[Search-jakker]]>
    </line>
    <line>
      <![CDATA[Sorting by Laveste pris]]>
    </line>
    <line>
      <![CDATA[First item-kr 124,-Last item-kr 299,-]]>
    </line>
    <line>
      <![CDATA[Search-tshirt]]>
    </line>
    <line>
      <![CDATA[Sorting by Høyest rabatt]]>
    </line>
    <line>
      <![CDATA[First item-kr 219,-Last item-kr 349,-]]>
    </line>
    <line>
      <![CDATA[Menu Item-2-NYHETER-Total Product-33]]>
    </line>
    <line>
      <![CDATA[All image is in domain Brandsdal.no]]>
    </line>
    <line>
      <![CDATA[All image is in domain Brandsdal.no]]>
    </line>
    <line>
      <![CDATA[All image is in domain Brandsdal.no]]>
    </line>
    <line>
      <![CDATA[All image is in domain Brandsdal.no]]>
    </line>
    <line>
      <![CDATA[All image is in domain Brandsdal.no]]>
    </line>
    <line>
      <![CDATA[All image is in domain Brandsdal.no]]>
    </line>
    <line>
      <![CDATA[All image is in domain Brandsdal.no]]>
    </line>
    <line>
      <![CDATA[All image is in domain Brandsdal.no]]>
    </line>
    <line>
      <![CDATA[All image is in domain Brandsdal.no]]>
    </line>
    <line>
      <![CDATA[All image is in domain Brandsdal.no]]>
    </line>
    <line>
      <![CDATA[All image is in domain Brandsdal.no]]>
    </line>
    <line>
      <![CDATA[All image is in domain Brandsdal.no]]>
    </line>
    <line>
      <![CDATA[All image is in domain Brandsdal.no]]>
    </line>
    <line>
      <![CDATA[All image is in domain Brandsdal.no]]>
    </line>
    <line>
      <![CDATA[All image is in domain Brandsdal.no]]>
    </line>
    <line>
      <![CDATA[All image is in domain Brandsdal.no]]>
    </line>
    <line>
      <![CDATA[All image is in domain Brandsdal.no]]>
    </line>
    <line>
      <![CDATA[All image is in domain Brandsdal.no]]>
    </line>
    <line>
      <![CDATA[All image is in domain Brandsdal.no]]>
    </line>
    <line>
      <![CDATA[All image is in domain Brandsdal.no]]>
    </line>
    <line>
      <![CDATA[All image is in domain Brandsdal.no]]>
    </line>
    <line>
      <![CDATA[All image is in domain Brandsdal.no]]>
    </line>
    <line>
      <![CDATA[All image is in domain Brandsdal.no]]>
    </line>
    <line>
      <![CDATA[All image is in domain Brandsdal.no]]>
    </line>
    <line>
      <![CDATA[All image is in domain Brandsdal.no]]>
    </line>
    <line>
      <![CDATA[All image is in domain Brandsdal.no]]>
    </line>
    <line>
      <![CDATA[All image is in domain Brandsdal.no]]>
    </line>
    <line>
      <![CDATA[All image is in domain Brandsdal.no]]>
    </line>
    <line>
      <![CDATA[Verify fields in registration form]]>
    </line>
    <line>
      <![CDATA[Mandatory field check in registration form]]>
    </line>
    <line>
      <![CDATA[Navigate to HomePage]]>
    </line>
    <line>
      <![CDATA[Clicked on Menu-3-TILBEHØR]]>
    </line>
    <line>
      <![CDATA[Product Location-7- Product Name -Tubeskjerf modell Frost]]>
    </line>
    <line>
      <![CDATA[Product Name-Tubeskjerf modell Frost]]>
    </line>
    <line>
      <![CDATA[Wishlist button present]]>
    </line>
    <line>
      <![CDATA[Final  Rating-]]>
    </line>
    <line>
      <![CDATA[Description Displaying]]>
    </line>
    <line>
      <![CDATA[Product Image Displaying]]>
    </line>
    <line>
      <![CDATA[Review button Displaying]]>
    </line>
    <line>
      <![CDATA[Sale Price Displaying]]>
    </line>
    <line>
      <![CDATA[Qty dropdown Displaying]]>
    </line>
    <line>
      <![CDATA[Add to cart  button Displaying]]>
    </line>
    <line>
      <![CDATA[Navigate to HomePage]]>
    </line>
    <line>
      <![CDATA[Clicked on Menu-3-TILBEHØR]]>
    </line>
    <line>
      <![CDATA[Product Location-7- Product Name -Tubeskjerf modell Frost]]>
    </line>
    <line>
      <![CDATA[Product Final Price- kr 35,-]]>
    </line>
    <line>
      <![CDATA[Product add to cart- 2]]>
    </line>
    <line>
      <![CDATA[Total Qty-3 ,Amount-Totalsum kr 105,-]]>
    </line>
    <line>
      <![CDATA[Checkout Button Clicked]]>
    </line>
    <line>
      <![CDATA[Offer Available]]>
    </line>
    <line>
      <![CDATA[Click Checkout button from Offer page]]>
    </line>
    <line>
      <![CDATA[Logo Title-BliVakker.no]]>
    </line>
    <line>
      <![CDATA[Search Box Present -true]]>
    </line>
    <line>
      <![CDATA[Search Button Present -true]]>
    </line>
    <line>
      <![CDATA[MyPage icon  -true]]>
    </line>
    <line>
      <![CDATA[Infocenter icon  -true]]>
    </line>
    <line>
      <![CDATA[Offer icon  -true]]>
    </line>
    <line>
      <![CDATA[Wishlist icon  -true]]>
    </line>
    <line>
      <![CDATA[Cart icon  -true]]>
    </line>
    <line>
      <![CDATA[Top Usp Bar  -true]]>
    </line>
    <line>
      <![CDATA[Main Banner  -true]]>
    </line>
    <line>
      <![CDATA[Recommended Product  -true]]>
    </line>
    <line>
      <![CDATA[Promo Banner  -true]]>
    </line>
    <line>
      <![CDATA[Search-Shampoo]]>
    </line>
    <line>
      <![CDATA[Sorting by Laveste pris]]>
    </line>
    <line>
      <![CDATA[First item-kr 15,-Last item-kr 49,-]]>
    </line>
    <line>
      <![CDATA[Search-Cream]]>
    </line>
    <line>
      <![CDATA[Sorting by Høyest rabatt]]>
    </line>
    <line>
      <![CDATA[First item-kr 179,-Last item-kr 158,-]]>
    </line>
    <line>
      <![CDATA[Menu Item-2-HUDPLEIE-Total Product-2682]]>
    </line>
    <line>
      <![CDATA[All image is in domain BliVakker.no]]>
    </line>
    <line>
      <![CDATA[All image is in domain BliVakker.no]]>
    </line>
    <line>
      <![CDATA[All image is in domain BliVakker.no]]>
    </line>
    <line>
      <![CDATA[All image is in domain BliVakker.no]]>
    </line>
    <line>
      <![CDATA[All image is in domain BliVakker.no]]>
    </line>
    <line>
      <![CDATA[All image is in domain BliVakker.no]]>
    </line>
    <line>
      <![CDATA[All image is in domain BliVakker.no]]>
    </line>
    <line>
      <![CDATA[All image is in domain BliVakker.no]]>
    </line>
    <line>
      <![CDATA[All image is in domain BliVakker.no]]>
    </line>
    <line>
      <![CDATA[All image is in domain BliVakker.no]]>
    </line>
    <line>
      <![CDATA[All image is in domain BliVakker.no]]>
    </line>
    <line>
      <![CDATA[All image is in domain BliVakker.no]]>
    </line>
    <line>
      <![CDATA[All image is in domain BliVakker.no]]>
    </line>
    <line>
      <![CDATA[All image is in domain BliVakker.no]]>
    </line>
    <line>
      <![CDATA[All image is in domain BliVakker.no]]>
    </line>
    <line>
      <![CDATA[All image is in domain BliVakker.no]]>
    </line>
    <line>
      <![CDATA[All image is in domain BliVakker.no]]>
    </line>
    <line>
      <![CDATA[All image is in domain BliVakker.no]]>
    </line>
    <line>
      <![CDATA[All image is in domain BliVakker.no]]>
    </line>
    <line>
      <![CDATA[All image is in domain BliVakker.no]]>
    </line>
    <line>
      <![CDATA[All image is in domain BliVakker.no]]>
    </line>
    <line>
      <![CDATA[All image is in domain BliVakker.no]]>
    </line>
    <line>
      <![CDATA[All image is in domain BliVakker.no]]>
    </line>
    <line>
      <![CDATA[All image is in domain BliVakker.no]]>
    </line>
    <line>
      <![CDATA[All image is in domain BliVakker.no]]>
    </line>
    <line>
      <![CDATA[All image is in domain BliVakker.no]]>
    </line>
    <line>
      <![CDATA[All image is in domain BliVakker.no]]>
    </line>
    <line>
      <![CDATA[All image is in domain BliVakker.no]]>
    </line>
    <line>
      <![CDATA[Verify fields in registration form]]>
    </line>
    <line>
      <![CDATA[Mandatory field check in registration form]]>
    </line>
    <line>
      <![CDATA[Navigate to HomePage]]>
    </line>
    <line>
      <![CDATA[Clicked on Menu-9-TOPPLISTEN]]>
    </line>
    <line>
      <![CDATA[Product Location-10- Product Name -Redken Extreme Anti-Snap Leave In Treatment 240ml ]]>
    </line>
    <line>
      <![CDATA[Product Name-Extreme Anti-Snap Leave In Treatment 240ml]]>
    </line>
    <line>
      <![CDATA[Wishlist button present]]>
    </line>
    <line>
      <![CDATA[Final  Rating-]]>
    </line>
    <line>
      <![CDATA[Description Displaying]]>
    </line>
    <line>
      <![CDATA[Product Image Displaying]]>
    </line>
    <line>
      <![CDATA[Review button Displaying]]>
    </line>
    <line>
      <![CDATA[Sale Price Displaying]]>
    </line>
    <line>
      <![CDATA[Qty dropdown Displaying]]>
    </line>
    <line>
      <![CDATA[Add to cart  button Displaying]]>
    </line>
    <line>
      <![CDATA[Navigate to HomePage]]>
    </line>
    <line>
      <![CDATA[Clicked on Menu-9-TOPPLISTEN]]>
    </line>
    <line>
      <![CDATA[Product Location-18- Product Name -Tigi Bedhead Hard Head Hard Hold Hairspray 385ml ]]>
    </line>
    <line>
      <![CDATA[Product Final Price- kr 71,-]]>
    </line>
    <line>
      <![CDATA[Product add to cart- 2]]>
    </line>
    <line>
      <![CDATA[Total Qty-3 ,Amount-Totalsum kr 213,-]]>
    </line>
    <line>
      <![CDATA[Checkout Button Clicked]]>
    </line>
    <line>
      <![CDATA[Offer Available]]>
    </line>
    <line>
      <![CDATA[Click Checkout button from Offer page]]>
    </line>
    <line>
      <![CDATA[Logo Title-Cocopanda.at]]>
    </line>
    <line>
      <![CDATA[Search Box Present -true]]>
    </line>
    <line>
      <![CDATA[Search Button Present -true]]>
    </line>
    <line>
      <![CDATA[MyPage icon  -true]]>
    </line>
    <line>
      <![CDATA[Infocenter icon  -true]]>
    </line>
    <line>
      <![CDATA[Offer icon  -true]]>
    </line>
    <line>
      <![CDATA[Wishlist icon  -true]]>
    </line>
    <line>
      <![CDATA[Cart icon  -true]]>
    </line>
    <line>
      <![CDATA[Top Usp Bar  -true]]>
    </line>
    <line>
      <![CDATA[Main Banner  -true]]>
    </line>
    <line>
      <![CDATA[Recommended Product  -true]]>
    </line>
    <line>
      <![CDATA[Promo Banner  -true]]>
    </line>
    <line>
      <![CDATA[Search-Shampoo]]>
    </line>
    <line>
      <![CDATA[Sorting by Niedrigster Preis]]>
    </line>
    <line>
      <![CDATA[First item-3,20 €Last item-6,49 €]]>
    </line>
    <line>
      <![CDATA[Search-Cream]]>
    </line>
    <line>
      <![CDATA[Sorting by Höchster Rabatt]]>
    </line>
    <line>
      <![CDATA[First item-4,17 €Last item-24,95 €]]>
    </line>
    <line>
      <![CDATA[Menu Item-2-HAUTPFLEGE-Total Product-1245]]>
    </line>
    <line>
      <![CDATA[All image is in domain Cocopanda.at]]>
    </line>
    <line>
      <![CDATA[All image is in domain Cocopanda.at]]>
    </line>
    <line>
      <![CDATA[All image is in domain Cocopanda.at]]>
    </line>
    <line>
      <![CDATA[All image is in domain Cocopanda.at]]>
    </line>
    <line>
      <![CDATA[All image is in domain Cocopanda.at]]>
    </line>
    <line>
      <![CDATA[All image is in domain Cocopanda.at]]>
    </line>
    <line>
      <![CDATA[All image is in domain Cocopanda.at]]>
    </line>
    <line>
      <![CDATA[All image is in domain Cocopanda.at]]>
    </line>
    <line>
      <![CDATA[All image is in domain Cocopanda.at]]>
    </line>
    <line>
      <![CDATA[All image is in domain Cocopanda.at]]>
    </line>
    <line>
      <![CDATA[All image is in domain Cocopanda.at]]>
    </line>
    <line>
      <![CDATA[All image is in domain Cocopanda.at]]>
    </line>
    <line>
      <![CDATA[All image is in domain Cocopanda.at]]>
    </line>
    <line>
      <![CDATA[All image is in domain Cocopanda.at]]>
    </line>
    <line>
      <![CDATA[All image is in domain Cocopanda.at]]>
    </line>
    <line>
      <![CDATA[All image is in domain Cocopanda.at]]>
    </line>
    <line>
      <![CDATA[All image is in domain Cocopanda.at]]>
    </line>
    <line>
      <![CDATA[All image is in domain Cocopanda.at]]>
    </line>
    <line>
      <![CDATA[All image is in domain Cocopanda.at]]>
    </line>
    <line>
      <![CDATA[All image is in domain Cocopanda.at]]>
    </line>
    <line>
      <![CDATA[All image is in domain Cocopanda.at]]>
    </line>
    <line>
      <![CDATA[All image is in domain Cocopanda.at]]>
    </line>
    <line>
      <![CDATA[All image is in domain Cocopanda.at]]>
    </line>
    <line>
      <![CDATA[All image is in domain Cocopanda.at]]>
    </line>
    <line>
      <![CDATA[All image is in domain Cocopanda.at]]>
    </line>
    <line>
      <![CDATA[All image is in domain Cocopanda.at]]>
    </line>
    <line>
      <![CDATA[All image is in domain Cocopanda.at]]>
    </line>
    <line>
      <![CDATA[All image is in domain Cocopanda.at]]>
    </line>
    <line>
      <![CDATA[Verify fields in registration form]]>
    </line>
    <line>
      <![CDATA[Mandatory field check in registration form]]>
    </line>
    <line>
      <![CDATA[Navigate to HomePage]]>
    </line>
    <line>
      <![CDATA[Clicked on Menu-4-PARFUM]]>
    </line>
    <line>
      <![CDATA[Product Location-25- Product Name -Clarins Gentle Care Roll On Deo (50ml)]]>
    </line>
    <line>
      <![CDATA[Product Name-Gentle Care Roll On Deo (50ml)]]>
    </line>
    <line>
      <![CDATA[Wishlist button present]]>
    </line>
    <line>
      <![CDATA[Description Displaying]]>
    </line>
    <line>
      <![CDATA[Product Image Displaying]]>
    </line>
    <line>
      <![CDATA[Review button Displaying]]>
    </line>
    <line>
      <![CDATA[Sale Price Displaying]]>
    </line>
    <line>
      <![CDATA[Qty dropdown Displaying]]>
    </line>
    <line>
      <![CDATA[Add to cart  button Displaying]]>
    </line>
    <line>
      <![CDATA[Navigate to HomePage]]>
    </line>
    <line>
      <![CDATA[Clicked on Menu-4-PARFUM]]>
    </line>
    <line>
      <![CDATA[Product Location-4- Product Name -Clarins Eau Dynamisante Deodorant (100 ml) ]]>
    </line>
    <line>
      <![CDATA[Product Final Price- 16,21 €]]>
    </line>
    <line>
      <![CDATA[Product add to cart- 2]]>
    </line>
    <line>
      <![CDATA[Total Qty-3 ,Amount-Gesamtbetrag 48,63 €]]>
    </line>
    <line>
      <![CDATA[Checkout Button Clicked]]>
    </line>
    <line>
      <![CDATA[Offer Available]]>
    </line>
    <line>
      <![CDATA[Click Checkout button from Offer page]]>
    </line>
    <line>
      <![CDATA[Logo Title-Cocopanda.de]]>
    </line>
    <line>
      <![CDATA[Search Box Present -true]]>
    </line>
    <line>
      <![CDATA[Search Button Present -true]]>
    </line>
    <line>
      <![CDATA[MyPage icon  -true]]>
    </line>
    <line>
      <![CDATA[Infocenter icon  -true]]>
    </line>
    <line>
      <![CDATA[Offer icon  -true]]>
    </line>
    <line>
      <![CDATA[Wishlist icon  -true]]>
    </line>
    <line>
      <![CDATA[Cart icon  -true]]>
    </line>
    <line>
      <![CDATA[Top Usp Bar  -true]]>
    </line>
    <line>
      <![CDATA[Main Banner  -true]]>
    </line>
    <line>
      <![CDATA[Recommended Product  -true]]>
    </line>
    <line>
      <![CDATA[Promo Banner  -true]]>
    </line>
    <line>
      <![CDATA[Search-Shampoo]]>
    </line>
    <line>
      <![CDATA[Sorting by Niedrigster Preis]]>
    </line>
    <line>
      <![CDATA[First item-3,20 €Last item-5,95 €]]>
    </line>
    <line>
      <![CDATA[Search-Cream]]>
    </line>
    <line>
      <![CDATA[Sorting by Höchster Rabatt]]>
    </line>
    <line>
      <![CDATA[First item-18,81 €Last item-11,95 €]]>
    </line>
    <line>
      <![CDATA[Menu Item-2-HAUTPFLEGE-Total Product-1469]]>
    </line>
    <line>
      <![CDATA[All image is in domain Cocopanda.de]]>
    </line>
    <line>
      <![CDATA[All image is in domain Cocopanda.de]]>
    </line>
    <line>
      <![CDATA[All image is in domain Cocopanda.de]]>
    </line>
    <line>
      <![CDATA[All image is in domain Cocopanda.de]]>
    </line>
    <line>
      <![CDATA[All image is in domain Cocopanda.de]]>
    </line>
    <line>
      <![CDATA[All image is in domain Cocopanda.de]]>
    </line>
    <line>
      <![CDATA[All image is in domain Cocopanda.de]]>
    </line>
    <line>
      <![CDATA[All image is in domain Cocopanda.de]]>
    </line>
    <line>
      <![CDATA[All image is in domain Cocopanda.de]]>
    </line>
    <line>
      <![CDATA[All image is in domain Cocopanda.de]]>
    </line>
    <line>
      <![CDATA[All image is in domain Cocopanda.de]]>
    </line>
    <line>
      <![CDATA[All image is in domain Cocopanda.de]]>
    </line>
    <line>
      <![CDATA[All image is in domain Cocopanda.de]]>
    </line>
    <line>
      <![CDATA[All image is in domain Cocopanda.de]]>
    </line>
    <line>
      <![CDATA[All image is in domain Cocopanda.de]]>
    </line>
    <line>
      <![CDATA[All image is in domain Cocopanda.de]]>
    </line>
    <line>
      <![CDATA[All image is in domain Cocopanda.de]]>
    </line>
    <line>
      <![CDATA[All image is in domain Cocopanda.de]]>
    </line>
    <line>
      <![CDATA[All image is in domain Cocopanda.de]]>
    </line>
    <line>
      <![CDATA[All image is in domain Cocopanda.de]]>
    </line>
    <line>
      <![CDATA[All image is in domain Cocopanda.de]]>
    </line>
    <line>
      <![CDATA[All image is in domain Cocopanda.de]]>
    </line>
    <line>
      <![CDATA[All image is in domain Cocopanda.de]]>
    </line>
    <line>
      <![CDATA[All image is in domain Cocopanda.de]]>
    </line>
    <line>
      <![CDATA[All image is in domain Cocopanda.de]]>
    </line>
    <line>
      <![CDATA[All image is in domain Cocopanda.de]]>
    </line>
    <line>
      <![CDATA[All image is in domain Cocopanda.de]]>
    </line>
    <line>
      <![CDATA[All image is in domain Cocopanda.de]]>
    </line>
    <line>
      <![CDATA[Verify fields in registration form]]>
    </line>
    <line>
      <![CDATA[Mandatory field check in registration form]]>
    </line>
    <line>
      <![CDATA[Navigate to HomePage]]>
    </line>
    <line>
      <![CDATA[Clicked on Menu-9-TOPSELLER]]>
    </line>
    <line>
      <![CDATA[Product Location-2- Product Name -Olaplex Hair Perfector No. 3 100ml]]>
    </line>
    <line>
      <![CDATA[Product Name-Hair Perfector No. 3 100ml]]>
    </line>
    <line>
      <![CDATA[Wishlist button present]]>
    </line>
    <line>
      <![CDATA[Final  Rating-]]>
    </line>
    <line>
      <![CDATA[Description Displaying]]>
    </line>
    <line>
      <![CDATA[Product Image Displaying]]>
    </line>
    <line>
      <![CDATA[Review button Displaying]]>
    </line>
    <line>
      <![CDATA[Sale Price Displaying]]>
    </line>
    <line>
      <![CDATA[Qty dropdown Displaying]]>
    </line>
    <line>
      <![CDATA[Add to cart  button Displaying]]>
    </line>
    <line>
      <![CDATA[Navigate to HomePage]]>
    </line>
    <line>
      <![CDATA[Clicked on Menu-5-HERREN]]>
    </line>
    <line>
      <![CDATA[Product Location-10- Product Name -American Crew Classic 3-in-1 (450 ml)]]>
    </line>
    <line>
      <![CDATA[Product Final Price- 15,95 €]]>
    </line>
    <line>
      <![CDATA[Product add to cart- 2]]>
    </line>
    <line>
      <![CDATA[Total Qty-3 ,Amount-Gesamtbetrag 47,85 €]]>
    </line>
    <line>
      <![CDATA[Checkout Button Clicked]]>
    </line>
    <line>
      <![CDATA[Offer Available]]>
    </line>
    <line>
      <![CDATA[Logo Title-Cocopanda.dk]]>
    </line>
    <line>
      <![CDATA[Search Box Present -true]]>
    </line>
    <line>
      <![CDATA[Search Button Present -true]]>
    </line>
    <line>
      <![CDATA[MyPage icon  -true]]>
    </line>
    <line>
      <![CDATA[Infocenter icon  -true]]>
    </line>
    <line>
      <![CDATA[Offer icon  -true]]>
    </line>
    <line>
      <![CDATA[Wishlist icon  -true]]>
    </line>
    <line>
      <![CDATA[Cart icon  -true]]>
    </line>
    <line>
      <![CDATA[Top Usp Bar  -true]]>
    </line>
    <line>
      <![CDATA[Main Banner  -true]]>
    </line>
    <line>
      <![CDATA[Recommended Product  -true]]>
    </line>
    <line>
      <![CDATA[Promo Banner  -true]]>
    </line>
    <line>
      <![CDATA[Search-Shampoo]]>
    </line>
    <line>
      <![CDATA[Sorting by Laveste pris]]>
    </line>
    <line>
      <![CDATA[First item-kr 13,-Last item-kr 34,-]]>
    </line>
    <line>
      <![CDATA[Search-Cream]]>
    </line>
    <line>
      <![CDATA[Sorting by Højeste rabat]]>
    </line>
    <line>
      <![CDATA[First item-kr 63,-Last item-kr 239,-]]>
    </line>
    <line>
      <![CDATA[Menu Item-2-HUDPLEJE-Total Product-1553]]>
    </line>
    <line>
      <![CDATA[All image is in domain Cocopanda.dk]]>
    </line>
    <line>
      <![CDATA[All image is in domain Cocopanda.dk]]>
    </line>
    <line>
      <![CDATA[All image is in domain Cocopanda.dk]]>
    </line>
    <line>
      <![CDATA[All image is in domain Cocopanda.dk]]>
    </line>
    <line>
      <![CDATA[All image is in domain Cocopanda.dk]]>
    </line>
    <line>
      <![CDATA[All image is in domain Cocopanda.dk]]>
    </line>
    <line>
      <![CDATA[All image is in domain Cocopanda.dk]]>
    </line>
    <line>
      <![CDATA[All image is in domain Cocopanda.dk]]>
    </line>
    <line>
      <![CDATA[All image is in domain Cocopanda.dk]]>
    </line>
    <line>
      <![CDATA[All image is in domain Cocopanda.dk]]>
    </line>
    <line>
      <![CDATA[All image is in domain Cocopanda.dk]]>
    </line>
    <line>
      <![CDATA[All image is in domain Cocopanda.dk]]>
    </line>
    <line>
      <![CDATA[All image is in domain Cocopanda.dk]]>
    </line>
    <line>
      <![CDATA[All image is in domain Cocopanda.dk]]>
    </line>
    <line>
      <![CDATA[All image is in domain Cocopanda.dk]]>
    </line>
    <line>
      <![CDATA[All image is in domain Cocopanda.dk]]>
    </line>
    <line>
      <![CDATA[All image is in domain Cocopanda.dk]]>
    </line>
    <line>
      <![CDATA[All image is in domain Cocopanda.dk]]>
    </line>
    <line>
      <![CDATA[All image is in domain Cocopanda.dk]]>
    </line>
    <line>
      <![CDATA[All image is in domain Cocopanda.dk]]>
    </line>
    <line>
      <![CDATA[All image is in domain Cocopanda.dk]]>
    </line>
    <line>
      <![CDATA[All image is in domain Cocopanda.dk]]>
    </line>
    <line>
      <![CDATA[All image is in domain Cocopanda.dk]]>
    </line>
    <line>
      <![CDATA[All image is in domain Cocopanda.dk]]>
    </line>
    <line>
      <![CDATA[All image is in domain Cocopanda.dk]]>
    </line>
    <line>
      <![CDATA[All image is in domain Cocopanda.dk]]>
    </line>
    <line>
      <![CDATA[All image is in domain Cocopanda.dk]]>
    </line>
    <line>
      <![CDATA[All image is in domain Cocopanda.dk]]>
    </line>
    <line>
      <![CDATA[Verify fields in registration form]]>
    </line>
    <line>
      <![CDATA[Mandatory field check in registration form]]>
    </line>
    <line>
      <![CDATA[Navigate to HomePage]]>
    </line>
    <line>
      <![CDATA[Clicked on Menu-8-NYHEDER]]>
    </line>
    <line>
      <![CDATA[Product Location-21- Product Name -Moroccanoil Hydrating Styling Cream 300ml ]]>
    </line>
    <line>
      <![CDATA[Product Name-Moroccanoil Hydrating Styling Cream 300ml]]>
    </line>
    <line>
      <![CDATA[Wishlist button present]]>
    </line>
    <line>
      <![CDATA[Description Displaying]]>
    </line>
    <line>
      <![CDATA[Product Image Displaying]]>
    </line>
    <line>
      <![CDATA[Review button Displaying]]>
    </line>
    <line>
      <![CDATA[Sale Price Displaying]]>
    </line>
    <line>
      <![CDATA[Qty dropdown Displaying]]>
    </line>
    <line>
      <![CDATA[Add to cart  button Displaying]]>
    </line>
    <line>
      <![CDATA[Navigate to HomePage]]>
    </line>
    <line>
      <![CDATA[Clicked on Menu-8-NYHEDER]]>
    </line>
    <line>
      <![CDATA[Product Location-14- Product Name -Moroccanoil Extra Volume Conditioner 250ml ]]>
    </line>
    <line>
      <![CDATA[Product Final Price- kr 146,-]]>
    </line>
    <line>
      <![CDATA[Product add to cart- 2]]>
    </line>
    <line>
      <![CDATA[Total Qty-3 ,Amount-Totalsum kr 438,-]]>
    </line>
    <line>
      <![CDATA[Checkout Button Clicked]]>
    </line>
    <line>
      <![CDATA[Offer Available]]>
    </line>
    <line>
      <![CDATA[Click Checkout button from Offer page]]>
    </line>
  </reporter-output>
  <suite name="Live Site Testing" duration-ms="1220701" started-at="2018-04-16T05:03:02Z" finished-at="2018-04-16T05:23:23Z">
    <groups>
      <group name="ProductList">
        <method signature="LiveTest.productList()[pri:3, instance:src.com.pack.common.tests.LiveTest@cb51256]" name="productList" class="src.com.pack.common.tests.LiveTest"/>
        <method signature="LiveTest.productList()[pri:3, instance:src.com.pack.common.tests.LiveTest@757942a1]" name="productList" class="src.com.pack.common.tests.LiveTest"/>
        <method signature="LiveTest.productList()[pri:3, instance:src.com.pack.common.tests.LiveTest@b7dd107]" name="productList" class="src.com.pack.common.tests.LiveTest"/>
        <method signature="LiveTest.productList()[pri:3, instance:src.com.pack.common.tests.LiveTest@33723e30]" name="productList" class="src.com.pack.common.tests.LiveTest"/>
        <method signature="LiveTest.productList()[pri:3, instance:src.com.pack.common.tests.LiveTest@23fe1d71]" name="productList" class="src.com.pack.common.tests.LiveTest"/>
        <method signature="LiveTest.productList()[pri:3, instance:src.com.pack.common.tests.LiveTest@7403c468]" name="productList" class="src.com.pack.common.tests.LiveTest"/>
        <method signature="LiveTest.productList()[pri:3, instance:src.com.pack.common.tests.LiveTest@17d0685f]" name="productList" class="src.com.pack.common.tests.LiveTest"/>
      </group> <!-- ProductList -->
      <group name="HomePage">
        <method signature="LiveTest.HomepageTest()[pri:1, instance:src.com.pack.common.tests.LiveTest@cb51256]" name="HomepageTest" class="src.com.pack.common.tests.LiveTest"/>
        <method signature="LiveTest.HomepageTest()[pri:1, instance:src.com.pack.common.tests.LiveTest@757942a1]" name="HomepageTest" class="src.com.pack.common.tests.LiveTest"/>
        <method signature="LiveTest.HomepageTest()[pri:1, instance:src.com.pack.common.tests.LiveTest@b7dd107]" name="HomepageTest" class="src.com.pack.common.tests.LiveTest"/>
        <method signature="LiveTest.HomepageTest()[pri:1, instance:src.com.pack.common.tests.LiveTest@33723e30]" name="HomepageTest" class="src.com.pack.common.tests.LiveTest"/>
        <method signature="LiveTest.HomepageTest()[pri:1, instance:src.com.pack.common.tests.LiveTest@23fe1d71]" name="HomepageTest" class="src.com.pack.common.tests.LiveTest"/>
        <method signature="LiveTest.HomepageTest()[pri:1, instance:src.com.pack.common.tests.LiveTest@7403c468]" name="HomepageTest" class="src.com.pack.common.tests.LiveTest"/>
        <method signature="LiveTest.HomepageTest()[pri:1, instance:src.com.pack.common.tests.LiveTest@17d0685f]" name="HomepageTest" class="src.com.pack.common.tests.LiveTest"/>
      </group> <!-- HomePage -->
      <group name="ProductDetail">
        <method signature="LiveTest.productdetail()[pri:5, instance:src.com.pack.common.tests.LiveTest@cb51256]" name="productdetail" class="src.com.pack.common.tests.LiveTest"/>
        <method signature="LiveTest.productdetail()[pri:5, instance:src.com.pack.common.tests.LiveTest@757942a1]" name="productdetail" class="src.com.pack.common.tests.LiveTest"/>
        <method signature="LiveTest.productdetail()[pri:5, instance:src.com.pack.common.tests.LiveTest@b7dd107]" name="productdetail" class="src.com.pack.common.tests.LiveTest"/>
        <method signature="LiveTest.productdetail()[pri:5, instance:src.com.pack.common.tests.LiveTest@33723e30]" name="productdetail" class="src.com.pack.common.tests.LiveTest"/>
        <method signature="LiveTest.productdetail()[pri:5, instance:src.com.pack.common.tests.LiveTest@23fe1d71]" name="productdetail" class="src.com.pack.common.tests.LiveTest"/>
        <method signature="LiveTest.productdetail()[pri:5, instance:src.com.pack.common.tests.LiveTest@7403c468]" name="productdetail" class="src.com.pack.common.tests.LiveTest"/>
        <method signature="LiveTest.productdetail()[pri:5, instance:src.com.pack.common.tests.LiveTest@17d0685f]" name="productdetail" class="src.com.pack.common.tests.LiveTest"/>
      </group> <!-- ProductDetail -->
      <group name="Cartpage">
        <method signature="LiveTest.cartpage()[pri:6, instance:src.com.pack.common.tests.LiveTest@cb51256]" name="cartpage" class="src.com.pack.common.tests.LiveTest"/>
        <method signature="LiveTest.cartpage()[pri:6, instance:src.com.pack.common.tests.LiveTest@757942a1]" name="cartpage" class="src.com.pack.common.tests.LiveTest"/>
        <method signature="LiveTest.cartpage()[pri:6, instance:src.com.pack.common.tests.LiveTest@b7dd107]" name="cartpage" class="src.com.pack.common.tests.LiveTest"/>
        <method signature="LiveTest.cartpage()[pri:6, instance:src.com.pack.common.tests.LiveTest@33723e30]" name="cartpage" class="src.com.pack.common.tests.LiveTest"/>
        <method signature="LiveTest.cartpage()[pri:6, instance:src.com.pack.common.tests.LiveTest@23fe1d71]" name="cartpage" class="src.com.pack.common.tests.LiveTest"/>
        <method signature="LiveTest.cartpage()[pri:6, instance:src.com.pack.common.tests.LiveTest@7403c468]" name="cartpage" class="src.com.pack.common.tests.LiveTest"/>
        <method signature="LiveTest.cartpage()[pri:6, instance:src.com.pack.common.tests.LiveTest@17d0685f]" name="cartpage" class="src.com.pack.common.tests.LiveTest"/>
      </group> <!-- Cartpage -->
      <group name="Registration">
        <method signature="LiveTest.register()[pri:4, instance:src.com.pack.common.tests.LiveTest@cb51256]" name="register" class="src.com.pack.common.tests.LiveTest"/>
        <method signature="LiveTest.register()[pri:4, instance:src.com.pack.common.tests.LiveTest@757942a1]" name="register" class="src.com.pack.common.tests.LiveTest"/>
        <method signature="LiveTest.register()[pri:4, instance:src.com.pack.common.tests.LiveTest@b7dd107]" name="register" class="src.com.pack.common.tests.LiveTest"/>
        <method signature="LiveTest.register()[pri:4, instance:src.com.pack.common.tests.LiveTest@33723e30]" name="register" class="src.com.pack.common.tests.LiveTest"/>
        <method signature="LiveTest.register()[pri:4, instance:src.com.pack.common.tests.LiveTest@23fe1d71]" name="register" class="src.com.pack.common.tests.LiveTest"/>
        <method signature="LiveTest.register()[pri:4, instance:src.com.pack.common.tests.LiveTest@7403c468]" name="register" class="src.com.pack.common.tests.LiveTest"/>
        <method signature="LiveTest.register()[pri:4, instance:src.com.pack.common.tests.LiveTest@17d0685f]" name="register" class="src.com.pack.common.tests.LiveTest"/>
      </group> <!-- Registration -->
      <group name="Search">
        <method signature="LiveTest.SearchFunctionality()[pri:2, instance:src.com.pack.common.tests.LiveTest@cb51256]" name="SearchFunctionality" class="src.com.pack.common.tests.LiveTest"/>
        <method signature="LiveTest.SearchFunctionality()[pri:2, instance:src.com.pack.common.tests.LiveTest@757942a1]" name="SearchFunctionality" class="src.com.pack.common.tests.LiveTest"/>
        <method signature="LiveTest.SearchFunctionality()[pri:2, instance:src.com.pack.common.tests.LiveTest@b7dd107]" name="SearchFunctionality" class="src.com.pack.common.tests.LiveTest"/>
        <method signature="LiveTest.SearchFunctionality()[pri:2, instance:src.com.pack.common.tests.LiveTest@33723e30]" name="SearchFunctionality" class="src.com.pack.common.tests.LiveTest"/>
        <method signature="LiveTest.SearchFunctionality()[pri:2, instance:src.com.pack.common.tests.LiveTest@23fe1d71]" name="SearchFunctionality" class="src.com.pack.common.tests.LiveTest"/>
        <method signature="LiveTest.SearchFunctionality()[pri:2, instance:src.com.pack.common.tests.LiveTest@7403c468]" name="SearchFunctionality" class="src.com.pack.common.tests.LiveTest"/>
        <method signature="LiveTest.SearchFunctionality()[pri:2, instance:src.com.pack.common.tests.LiveTest@17d0685f]" name="SearchFunctionality" class="src.com.pack.common.tests.LiveTest"/>
      </group> <!-- Search -->
    </groups>
    <test name="CP-Finland" duration-ms="246635" started-at="2018-04-16T05:03:02Z" finished-at="2018-04-16T05:07:09Z">
      <class name="src.com.pack.common.tests.LiveTest">
        <test-method status="PASS" signature="initializeTestBaseSetup(java.lang.String, java.lang.String, java.lang.String, java.lang.String, java.lang.String)[pri:0, instance:src.com.pack.common.tests.LiveTest@cb51256]" name="initializeTestBaseSetup" is-config="true" duration-ms="108799" started-at="2018-04-16T10:33:02Z" finished-at="2018-04-16T10:34:51Z">
          <params>
            <param index="0">
              <value>
                <![CDATA[chrome]]>
              </value>
            </param>
            <param index="1">
              <value>
                <![CDATA[CPFI]]>
              </value>
            </param>
            <param index="2">
              <value>
                <![CDATA[Live]]>
              </value>
            </param>
            <param index="3">
              <value>
                <![CDATA[venkata.rao]]>
              </value>
            </param>
            <param index="4">
              <value>
                <![CDATA[Saisree@25]]>
              </value>
            </param>
          </params>
          <reporter-output>
          </reporter-output>
        </test-method> <!-- initializeTestBaseSetup -->
        <test-method status="PASS" signature="setUp(org.testng.ITestContext)[pri:0, instance:src.com.pack.common.tests.LiveTest@cb51256]" name="setUp" is-config="true" duration-ms="3536" started-at="2018-04-16T10:34:51Z" finished-at="2018-04-16T10:34:55Z">
          <params>
            <param index="0">
              <value>
                <![CDATA[org.testng.TestRunner@165b2f7f]]>
              </value>
            </param>
          </params>
          <reporter-output>
          </reporter-output>
        </test-method> <!-- setUp -->
        <test-method status="FAIL" signature="HomepageTest()[pri:1, instance:src.com.pack.common.tests.LiveTest@cb51256]" name="HomepageTest" duration-ms="14589" started-at="2018-04-16T10:34:55Z" description="Home Page Check" finished-at="2018-04-16T10:35:10Z">
          <exception class="org.openqa.selenium.NoSuchElementException">
            <message>
              <![CDATA[no such element: Unable to locate element: {"method":"xpath","selector":"//div[contains(@class,'instagram-feed')]"}  (Session info: chrome=65.0.3325.181)  (Driver info: chromedriver=2.36.540470 (e522d04694c7ebea4ba8821272dbef4f9b818c91),platform=Windows NT 6.1.7601 SP1 x86_64) (WARNING: The server did not provide any stacktrace information)Command duration or timeout: 0 millisecondsFor documentation on this error, please visit: http://seleniumhq.org/exceptions/no_such_element.htmlBuild info: version: '3.10.0', revision: '176b4a9', time: '2018-03-02T19:11:12.151Z'System info: host: 'DPCD-D6M98R1', ip: '10.11.16.104', os.name: 'Windows 7', os.arch: 'amd64', os.version: '6.1', java.version: '1.8.0_151'Driver info: org.openqa.selenium.chrome.ChromeDriverCapabilities {acceptInsecureCerts: false, acceptSslCerts: false, applicationCacheEnabled: false, browserConnectionEnabled: false, browserName: chrome, chrome: {chromedriverVersion: 2.36.540470 (e522d04694c7eb..., userDataDir: C:\Users\RAJEEV~1.SIN\AppDa...}, cssSelectorsEnabled: true, databaseEnabled: false, handlesAlerts: true, hasTouchScreen: false, javascriptEnabled: true, locationContextEnabled: true, mobileEmulationEnabled: false, nativeEvents: true, networkConnectionEnabled: false, pageLoadStrategy: normal, platform: XP, platformName: XP, rotatable: false, setWindowRect: true, takesHeapSnapshot: true, takesScreenshot: true, unexpectedAlertBehaviour: , unhandledPromptBehavior: , version: 65.0.3325.181, webStorageEnabled: true}Session ID: 8fb8076ab13ec2c2bb5f8871a304908b*** Element info: {Using=xpath, value=//div[contains(@class,'instagram-feed')]}]]>
            </message>
            <full-stacktrace>
              <![CDATA[org.openqa.selenium.NoSuchElementException: no such element: Unable to locate element: {"method":"xpath","selector":"//div[contains(@class,'instagram-feed')]"}  (Session info: chrome=65.0.3325.181)  (Driver info: chromedriver=2.36.540470 (e522d04694c7ebea4ba8821272dbef4f9b818c91),platform=Windows NT 6.1.7601 SP1 x86_64) (WARNING: The server did not provide any stacktrace information)Command duration or timeout: 0 millisecondsFor documentation on this error, please visit: http://seleniumhq.org/exceptions/no_such_element.htmlBuild info: version: '3.10.0', revision: '176b4a9', time: '2018-03-02T19:11:12.151Z'System info: host: 'DPCD-D6M98R1', ip: '10.11.16.104', os.name: 'Windows 7', os.arch: 'amd64', os.version: '6.1', java.version: '1.8.0_151'Driver info: org.openqa.selenium.chrome.ChromeDriverCapabilities {acceptInsecureCerts: false, acceptSslCerts: false, applicationCacheEnabled: false, browserConnectionEnabled: false, browserName: chrome, chrome: {chromedriverVersion: 2.36.540470 (e522d04694c7eb..., userDataDir: C:\Users\RAJEEV~1.SIN\AppDa...}, cssSelectorsEnabled: true, databaseEnabled: false, handlesAlerts: true, hasTouchScreen: false, javascriptEnabled: true, locationContextEnabled: true, mobileEmulationEnabled: false, nativeEvents: true, networkConnectionEnabled: false, pageLoadStrategy: normal, platform: XP, platformName: XP, rotatable: false, setWindowRect: true, takesHeapSnapshot: true, takesScreenshot: true, unexpectedAlertBehaviour: , unhandledPromptBehavior: , version: 65.0.3325.181, webStorageEnabled: true}Session ID: 8fb8076ab13ec2c2bb5f8871a304908b*** Element info: {Using=xpath, value=//div[contains(@class,'instagram-feed')]}at sun.reflect.NativeConstructorAccessorImpl.newInstance0(Native Method)at sun.reflect.NativeConstructorAccessorImpl.newInstance(Unknown Source)at sun.reflect.DelegatingConstructorAccessorImpl.newInstance(Unknown Source)at java.lang.reflect.Constructor.newInstance(Unknown Source)at org.openqa.selenium.remote.ErrorHandler.createThrowable(ErrorHandler.java:214)at org.openqa.selenium.remote.ErrorHandler.throwIfResponseFailed(ErrorHandler.java:166)at org.openqa.selenium.remote.http.JsonHttpResponseCodec.reconstructValue(JsonHttpResponseCodec.java:40)at org.openqa.selenium.remote.http.AbstractHttpResponseCodec.decode(AbstractHttpResponseCodec.java:80)at org.openqa.selenium.remote.http.AbstractHttpResponseCodec.decode(AbstractHttpResponseCodec.java:44)at org.openqa.selenium.remote.HttpCommandExecutor.execute(HttpCommandExecutor.java:160)at org.openqa.selenium.remote.service.DriverCommandExecutor.execute(DriverCommandExecutor.java:83)at org.openqa.selenium.remote.RemoteWebDriver.execute(RemoteWebDriver.java:601)at org.openqa.selenium.remote.RemoteWebDriver.findElement(RemoteWebDriver.java:371)at org.openqa.selenium.remote.RemoteWebDriver.findElementByXPath(RemoteWebDriver.java:473)at org.openqa.selenium.By$ByXPath.findElement(By.java:361)at org.openqa.selenium.remote.RemoteWebDriver.findElement(RemoteWebDriver.java:363)at org.openqa.selenium.support.pagefactory.DefaultElementLocator.findElement(DefaultElementLocator.java:69)at org.openqa.selenium.support.pagefactory.internal.LocatingElementHandler.invoke(LocatingElementHandler.java:38)at com.sun.proxy.$Proxy11.isDisplayed(Unknown Source)at src.com.pack.common.pageobjects.HomePage.instagramfeed(HomePage.java:127)at src.com.pack.common.tests.LiveTest.HomepageTest(LiveTest.java:155)at sun.reflect.NativeMethodAccessorImpl.invoke0(Native Method)at sun.reflect.NativeMethodAccessorImpl.invoke(Unknown Source)at sun.reflect.DelegatingMethodAccessorImpl.invoke(Unknown Source)at java.lang.reflect.Method.invoke(Unknown Source)at org.testng.internal.MethodInvocationHelper.invokeMethod(MethodInvocationHelper.java:124)at org.testng.internal.Invoker.invokeMethod(Invoker.java:571)at org.testng.internal.Invoker.invokeTestMethod(Invoker.java:707)at org.testng.internal.Invoker.invokeTestMethods(Invoker.java:979)at org.testng.internal.TestMethodWorker.invokeTestMethods(TestMethodWorker.java:125)at org.testng.internal.TestMethodWorker.run(TestMethodWorker.java:109)at org.testng.TestRunner.privateRun(TestRunner.java:648)at org.testng.TestRunner.run(TestRunner.java:505)at org.testng.SuiteRunner.runTest(SuiteRunner.java:455)at org.testng.SuiteRunner.runSequentially(SuiteRunner.java:450)at org.testng.SuiteRunner.privateRun(SuiteRunner.java:415)at org.testng.SuiteRunner.run(SuiteRunner.java:364)at org.testng.SuiteRunnerWorker.runSuite(SuiteRunnerWorker.java:52)at org.testng.SuiteRunnerWorker.run(SuiteRunnerWorker.java:84)at org.testng.TestNG.runSuitesSequentially(TestNG.java:1187)at org.testng.TestNG.runSuitesSequentially(TestNG.java:1183)at org.testng.TestNG.runSuitesLocally(TestNG.java:1116)at org.testng.TestNG.runSuites(TestNG.java:1028)at org.testng.TestNG.run(TestNG.java:996)at org.testng.remote.AbstractRemoteTestNG.run(AbstractRemoteTestNG.java:114)at org.testng.remote.RemoteTestNG.initAndRun(RemoteTestNG.java:251)at org.testng.remote.RemoteTestNG.main(RemoteTestNG.java:77)]]>
            </full-stacktrace>
          </exception> <!-- org.openqa.selenium.NoSuchElementException -->
          <reporter-output>
            <line>
              <![CDATA[Logo Title-Cocopanda.fi]]>
            </line>
            <line>
              <![CDATA[Search Box Present -true]]>
            </line>
            <line>
              <![CDATA[Search Button Present -true]]>
            </line>
            <line>
              <![CDATA[MyPage icon  -true]]>
            </line>
            <line>
              <![CDATA[Infocenter icon  -true]]>
            </line>
            <line>
              <![CDATA[Offer icon  -true]]>
            </line>
            <line>
              <![CDATA[Wishlist icon  -true]]>
            </line>
            <line>
              <![CDATA[Cart icon  -true]]>
            </line>
            <line>
              <![CDATA[Top Usp Bar  -true]]>
            </line>
            <line>
              <![CDATA[Main Banner  -true]]>
            </line>
            <line>
              <![CDATA[Recommended Product  -true]]>
            </line>
            <line>
              <![CDATA[Promo Banner  -true]]>
            </line>
          </reporter-output>
        </test-method> <!-- HomepageTest -->
        <test-method status="PASS" signature="afterMethod(org.testng.ITestResult)[pri:0, instance:src.com.pack.common.tests.LiveTest@cb51256]" name="afterMethod" is-config="true" duration-ms="1000" started-at="2018-04-16T10:35:26Z" finished-at="2018-04-16T10:35:27Z">
          <params>
            <param index="0">
              <value>
                <![CDATA[[TestResult name=HomepageTest status=FAILURE method=LiveTest.HomepageTest()[pri:1, instance:src.com.pack.common.tests.LiveTest@cb51256] output=Logo Title-Cocopanda.fi]]]>
              </value>
            </param>
          </params>
          <reporter-output>
          </reporter-output>
        </test-method> <!-- afterMethod -->
        <test-method status="PASS" signature="SearchFunctionality()[pri:2, instance:src.com.pack.common.tests.LiveTest@cb51256]" name="SearchFunctionality" duration-ms="20145" started-at="2018-04-16T10:35:27Z" description="Search Functionality" finished-at="2018-04-16T10:35:47Z">
          <reporter-output>
            <line>
              <![CDATA[Search-Shampoo]]>
            </line>
            <line>
              <![CDATA[Sorting by Alin hinta]]>
            </line>
            <line>
              <![CDATA[First item-3,25 €Last item-5,90 €]]>
            </line>
            <line>
              <![CDATA[Search-Cream]]>
            </line>
            <line>
              <![CDATA[Sorting by Suurin alennus]]>
            </line>
            <line>
              <![CDATA[First item-9,60 €Last item-23,95 €]]>
            </line>
          </reporter-output>
        </test-method> <!-- SearchFunctionality -->
        <test-method status="PASS" signature="afterMethod(org.testng.ITestResult)[pri:0, instance:src.com.pack.common.tests.LiveTest@cb51256]" name="afterMethod" is-config="true" duration-ms="0" started-at="2018-04-16T10:35:47Z" finished-at="2018-04-16T10:35:47Z">
          <params>
            <param index="0">
              <value>
                <![CDATA[[TestResult name=SearchFunctionality status=SUCCESS method=LiveTest.SearchFunctionality()[pri:2, instance:src.com.pack.common.tests.LiveTest@cb51256] output=Search-Shampoo]]]>
              </value>
            </param>
          </params>
          <reporter-output>
          </reporter-output>
        </test-method> <!-- afterMethod -->
        <test-method status="PASS" signature="productList()[pri:3, instance:src.com.pack.common.tests.LiveTest@cb51256]" name="productList" duration-ms="9752" started-at="2018-04-16T10:35:47Z" description="Check Product List Page" finished-at="2018-04-16T10:35:56Z">
          <reporter-output>
            <line>
              <![CDATA[Menu Item-2-IHONHOITO-Total Product-1523]]>
            </line>
            <line>
              <![CDATA[All image is in domain Cocopanda.fi]]>
            </line>
            <line>
              <![CDATA[All image is in domain Cocopanda.fi]]>
            </line>
            <line>
              <![CDATA[All image is in domain Cocopanda.fi]]>
            </line>
            <line>
              <![CDATA[All image is in domain Cocopanda.fi]]>
            </line>
            <line>
              <![CDATA[All image is in domain Cocopanda.fi]]>
            </line>
            <line>
              <![CDATA[All image is in domain Cocopanda.fi]]>
            </line>
            <line>
              <![CDATA[All image is in domain Cocopanda.fi]]>
            </line>
            <line>
              <![CDATA[All image is in domain Cocopanda.fi]]>
            </line>
            <line>
              <![CDATA[All image is in domain Cocopanda.fi]]>
            </line>
            <line>
              <![CDATA[All image is in domain Cocopanda.fi]]>
            </line>
            <line>
              <![CDATA[All image is in domain Cocopanda.fi]]>
            </line>
            <line>
              <![CDATA[All image is in domain Cocopanda.fi]]>
            </line>
            <line>
              <![CDATA[All image is in domain Cocopanda.fi]]>
            </line>
            <line>
              <![CDATA[All image is in domain Cocopanda.fi]]>
            </line>
            <line>
              <![CDATA[All image is in domain Cocopanda.fi]]>
            </line>
            <line>
              <![CDATA[All image is in domain Cocopanda.fi]]>
            </line>
            <line>
              <![CDATA[All image is in domain Cocopanda.fi]]>
            </line>
            <line>
              <![CDATA[All image is in domain Cocopanda.fi]]>
            </line>
            <line>
              <![CDATA[All image is in domain Cocopanda.fi]]>
            </line>
            <line>
              <![CDATA[All image is in domain Cocopanda.fi]]>
            </line>
            <line>
              <![CDATA[All image is in domain Cocopanda.fi]]>
            </line>
            <line>
              <![CDATA[All image is in domain Cocopanda.fi]]>
            </line>
            <line>
              <![CDATA[All image is in domain Cocopanda.fi]]>
            </line>
            <line>
              <![CDATA[All image is in domain Cocopanda.fi]]>
            </line>
            <line>
              <![CDATA[All image is in domain Cocopanda.fi]]>
            </line>
            <line>
              <![CDATA[All image is in domain Cocopanda.fi]]>
            </line>
            <line>
              <![CDATA[All image is in domain Cocopanda.fi]]>
            </line>
            <line>
              <![CDATA[All image is in domain Cocopanda.fi]]>
            </line>
          </reporter-output>
        </test-method> <!-- productList -->
        <test-method status="PASS" signature="afterMethod(org.testng.ITestResult)[pri:0, instance:src.com.pack.common.tests.LiveTest@cb51256]" name="afterMethod" is-config="true" duration-ms="0" started-at="2018-04-16T10:35:56Z" finished-at="2018-04-16T10:35:56Z">
          <params>
            <param index="0">
              <value>
                <![CDATA[[TestResult name=productList status=SUCCESS method=LiveTest.productList()[pri:3, instance:src.com.pack.common.tests.LiveTest@cb51256] output=Menu Item-2-IHONHOITO-Total Product-1523]]]>
              </value>
            </param>
          </params>
          <reporter-output>
          </reporter-output>
        </test-method> <!-- afterMethod -->
        <test-method status="PASS" signature="register()[pri:4, instance:src.com.pack.common.tests.LiveTest@cb51256]" name="register" duration-ms="14405" started-at="2018-04-16T10:35:56Z" description="Check Registration Page" finished-at="2018-04-16T10:36:11Z">
          <reporter-output>
            <line>
              <![CDATA[Verify fields in registration form]]>
            </line>
            <line>
              <![CDATA[Mandatory field check in registration form]]>
            </line>
          </reporter-output>
        </test-method> <!-- register -->
        <test-method status="PASS" signature="productdetail()[pri:5, instance:src.com.pack.common.tests.LiveTest@cb51256]" name="productdetail" duration-ms="21423" started-at="2018-04-16T10:36:11Z" description="Check Product Detail Page" finished-at="2018-04-16T10:36:32Z">
          <reporter-output>
            <line>
              <![CDATA[Navigate to HomePage]]>
            </line>
            <line>
              <![CDATA[Clicked on Menu-7-OUTLET]]>
            </line>
            <line>
              <![CDATA[Product Location-12- Product Name -glóMinerals Corrective Camouflage Kit 4,25g]]>
            </line>
            <line>
              <![CDATA[Product Name-glóMinerals Corrective Camouflage Kit 4,25g]]>
            </line>
            <line>
              <![CDATA[Wishlist button present]]>
            </line>
            <line>
              <![CDATA[Final  Rating-]]>
            </line>
            <line>
              <![CDATA[Description Displaying]]>
            </line>
            <line>
              <![CDATA[Product Image Displaying]]>
            </line>
            <line>
              <![CDATA[Review button Displaying]]>
            </line>
            <line>
              <![CDATA[Sale Price Displaying]]>
            </line>
            <line>
              <![CDATA[Qty dropdown Displaying]]>
            </line>
            <line>
              <![CDATA[Add to cart  button Displaying]]>
            </line>
          </reporter-output>
        </test-method> <!-- productdetail -->
        <test-method status="PASS" signature="afterMethod(org.testng.ITestResult)[pri:0, instance:src.com.pack.common.tests.LiveTest@cb51256]" name="afterMethod" is-config="true" duration-ms="0" started-at="2018-04-16T10:36:11Z" finished-at="2018-04-16T10:36:11Z">
          <params>
            <param index="0">
              <value>
                <![CDATA[[TestResult name=register status=SUCCESS method=LiveTest.register()[pri:4, instance:src.com.pack.common.tests.LiveTest@cb51256] output=Verify fields in registration form]]]>
              </value>
            </param>
          </params>
          <reporter-output>
          </reporter-output>
        </test-method> <!-- afterMethod -->
        <test-method status="PASS" signature="cartpage()[pri:6, instance:src.com.pack.common.tests.LiveTest@cb51256]" name="cartpage" duration-ms="34244" started-at="2018-04-16T10:36:32Z" description="Check cart page" finished-at="2018-04-16T10:37:06Z">
          <reporter-output>
            <line>
              <![CDATA[Navigate to HomePage]]>
            </line>
            <line>
              <![CDATA[Clicked on Menu-7-OUTLET]]>
            </line>
            <line>
              <![CDATA[Product Location-21- Product Name -Wella Professionals Enrich Detangling Spray 150 ml]]>
            </line>
            <line>
              <![CDATA[Product Final Price- 7,80 €]]>
            </line>
            <line>
              <![CDATA[Product add to cart- 2]]>
            </line>
            <line>
              <![CDATA[Total Qty-3 ,Amount-Yhteensä 26,40 €]]>
            </line>
            <line>
              <![CDATA[Checkout Button Clicked]]>
            </line>
            <line>
              <![CDATA[Offer Available]]>
            </line>
            <line>
              <![CDATA[Click Checkout button from Offer page]]>
            </line>
          </reporter-output>
        </test-method> <!-- cartpage -->
        <test-method status="PASS" signature="afterMethod(org.testng.ITestResult)[pri:0, instance:src.com.pack.common.tests.LiveTest@cb51256]" name="afterMethod" is-config="true" duration-ms="0" started-at="2018-04-16T10:36:32Z" finished-at="2018-04-16T10:36:32Z">
          <params>
            <param index="0">
              <value>
                <![CDATA[[TestResult name=productdetail status=SUCCESS method=LiveTest.productdetail()[pri:5, instance:src.com.pack.common.tests.LiveTest@cb51256] output=Navigate to HomePage]]]>
              </value>
            </param>
          </params>
          <reporter-output>
          </reporter-output>
        </test-method> <!-- afterMethod -->
        <test-method status="PASS" signature="afterMethod(org.testng.ITestResult)[pri:0, instance:src.com.pack.common.tests.LiveTest@cb51256]" name="afterMethod" is-config="true" duration-ms="0" started-at="2018-04-16T10:37:06Z" finished-at="2018-04-16T10:37:06Z">
          <params>
            <param index="0">
              <value>
                <![CDATA[[TestResult name=cartpage status=SUCCESS method=LiveTest.cartpage()[pri:6, instance:src.com.pack.common.tests.LiveTest@cb51256] output=Navigate to HomePage]]]>
              </value>
            </param>
          </params>
          <reporter-output>
          </reporter-output>
        </test-method> <!-- afterMethod -->
        <test-method status="PASS" signature="tearDown()[pri:0, instance:src.com.pack.common.tests.LiveTest@cb51256]" name="tearDown" is-config="true" duration-ms="2340" started-at="2018-04-16T10:37:06Z" finished-at="2018-04-16T10:37:09Z">
          <reporter-output>
          </reporter-output>
        </test-method> <!-- tearDown -->
      </class> <!-- src.com.pack.common.tests.LiveTest -->
    </test> <!-- CP-Finland -->
    <test name="CP-Sweden" duration-ms="179433" started-at="2018-04-16T05:07:11Z" finished-at="2018-04-16T05:10:11Z">
      <class name="src.com.pack.common.tests.LiveTest">
        <test-method status="PASS" signature="initializeTestBaseSetup(java.lang.String, java.lang.String, java.lang.String, java.lang.String, java.lang.String)[pri:0, instance:src.com.pack.common.tests.LiveTest@757942a1]" name="initializeTestBaseSetup" is-config="true" duration-ms="36220" started-at="2018-04-16T10:37:11Z" finished-at="2018-04-16T10:37:47Z">
          <params>
            <param index="0">
              <value>
                <![CDATA[chrome]]>
              </value>
            </param>
            <param index="1">
              <value>
                <![CDATA[CPSE]]>
              </value>
            </param>
            <param index="2">
              <value>
                <![CDATA[Live]]>
              </value>
            </param>
            <param index="3">
              <value>
                <![CDATA[venkata.rao]]>
              </value>
            </param>
            <param index="4">
              <value>
                <![CDATA[Saisree@25]]>
              </value>
            </param>
          </params>
          <reporter-output>
          </reporter-output>
        </test-method> <!-- initializeTestBaseSetup -->
        <test-method status="PASS" signature="setUp(org.testng.ITestContext)[pri:0, instance:src.com.pack.common.tests.LiveTest@757942a1]" name="setUp" is-config="true" duration-ms="9379" started-at="2018-04-16T10:37:47Z" finished-at="2018-04-16T10:37:57Z">
          <params>
            <param index="0">
              <value>
                <![CDATA[org.testng.TestRunner@6c8bca63]]>
              </value>
            </param>
          </params>
          <reporter-output>
          </reporter-output>
        </test-method> <!-- setUp -->
        <test-method status="FAIL" signature="HomepageTest()[pri:1, instance:src.com.pack.common.tests.LiveTest@757942a1]" name="HomepageTest" duration-ms="14755" started-at="2018-04-16T10:37:57Z" description="Home Page Check" finished-at="2018-04-16T10:38:12Z">
          <exception class="org.openqa.selenium.NoSuchElementException">
            <message>
              <![CDATA[no such element: Unable to locate element: {"method":"xpath","selector":"//div[contains(@class,'instagram-feed')]"}  (Session info: chrome=65.0.3325.181)  (Driver info: chromedriver=2.36.540470 (e522d04694c7ebea4ba8821272dbef4f9b818c91),platform=Windows NT 6.1.7601 SP1 x86_64) (WARNING: The server did not provide any stacktrace information)Command duration or timeout: 0 millisecondsFor documentation on this error, please visit: http://seleniumhq.org/exceptions/no_such_element.htmlBuild info: version: '3.10.0', revision: '176b4a9', time: '2018-03-02T19:11:12.151Z'System info: host: 'DPCD-D6M98R1', ip: '10.11.16.104', os.name: 'Windows 7', os.arch: 'amd64', os.version: '6.1', java.version: '1.8.0_151'Driver info: org.openqa.selenium.chrome.ChromeDriverCapabilities {acceptInsecureCerts: false, acceptSslCerts: false, applicationCacheEnabled: false, browserConnectionEnabled: false, browserName: chrome, chrome: {chromedriverVersion: 2.36.540470 (e522d04694c7eb..., userDataDir: C:\Users\RAJEEV~1.SIN\AppDa...}, cssSelectorsEnabled: true, databaseEnabled: false, handlesAlerts: true, hasTouchScreen: false, javascriptEnabled: true, locationContextEnabled: true, mobileEmulationEnabled: false, nativeEvents: true, networkConnectionEnabled: false, pageLoadStrategy: normal, platform: XP, platformName: XP, rotatable: false, setWindowRect: true, takesHeapSnapshot: true, takesScreenshot: true, unexpectedAlertBehaviour: , unhandledPromptBehavior: , version: 65.0.3325.181, webStorageEnabled: true}Session ID: c9fd82fc456b294107e705277118eed7*** Element info: {Using=xpath, value=//div[contains(@class,'instagram-feed')]}]]>
            </message>
            <full-stacktrace>
              <![CDATA[org.openqa.selenium.NoSuchElementException: no such element: Unable to locate element: {"method":"xpath","selector":"//div[contains(@class,'instagram-feed')]"}  (Session info: chrome=65.0.3325.181)  (Driver info: chromedriver=2.36.540470 (e522d04694c7ebea4ba8821272dbef4f9b818c91),platform=Windows NT 6.1.7601 SP1 x86_64) (WARNING: The server did not provide any stacktrace information)Command duration or timeout: 0 millisecondsFor documentation on this error, please visit: http://seleniumhq.org/exceptions/no_such_element.htmlBuild info: version: '3.10.0', revision: '176b4a9', time: '2018-03-02T19:11:12.151Z'System info: host: 'DPCD-D6M98R1', ip: '10.11.16.104', os.name: 'Windows 7', os.arch: 'amd64', os.version: '6.1', java.version: '1.8.0_151'Driver info: org.openqa.selenium.chrome.ChromeDriverCapabilities {acceptInsecureCerts: false, acceptSslCerts: false, applicationCacheEnabled: false, browserConnectionEnabled: false, browserName: chrome, chrome: {chromedriverVersion: 2.36.540470 (e522d04694c7eb..., userDataDir: C:\Users\RAJEEV~1.SIN\AppDa...}, cssSelectorsEnabled: true, databaseEnabled: false, handlesAlerts: true, hasTouchScreen: false, javascriptEnabled: true, locationContextEnabled: true, mobileEmulationEnabled: false, nativeEvents: true, networkConnectionEnabled: false, pageLoadStrategy: normal, platform: XP, platformName: XP, rotatable: false, setWindowRect: true, takesHeapSnapshot: true, takesScreenshot: true, unexpectedAlertBehaviour: , unhandledPromptBehavior: , version: 65.0.3325.181, webStorageEnabled: true}Session ID: c9fd82fc456b294107e705277118eed7*** Element info: {Using=xpath, value=//div[contains(@class,'instagram-feed')]}at sun.reflect.NativeConstructorAccessorImpl.newInstance0(Native Method)at sun.reflect.NativeConstructorAccessorImpl.newInstance(Unknown Source)at sun.reflect.DelegatingConstructorAccessorImpl.newInstance(Unknown Source)at java.lang.reflect.Constructor.newInstance(Unknown Source)at org.openqa.selenium.remote.ErrorHandler.createThrowable(ErrorHandler.java:214)at org.openqa.selenium.remote.ErrorHandler.throwIfResponseFailed(ErrorHandler.java:166)at org.openqa.selenium.remote.http.JsonHttpResponseCodec.reconstructValue(JsonHttpResponseCodec.java:40)at org.openqa.selenium.remote.http.AbstractHttpResponseCodec.decode(AbstractHttpResponseCodec.java:80)at org.openqa.selenium.remote.http.AbstractHttpResponseCodec.decode(AbstractHttpResponseCodec.java:44)at org.openqa.selenium.remote.HttpCommandExecutor.execute(HttpCommandExecutor.java:160)at org.openqa.selenium.remote.service.DriverCommandExecutor.execute(DriverCommandExecutor.java:83)at org.openqa.selenium.remote.RemoteWebDriver.execute(RemoteWebDriver.java:601)at org.openqa.selenium.remote.RemoteWebDriver.findElement(RemoteWebDriver.java:371)at org.openqa.selenium.remote.RemoteWebDriver.findElementByXPath(RemoteWebDriver.java:473)at org.openqa.selenium.By$ByXPath.findElement(By.java:361)at org.openqa.selenium.remote.RemoteWebDriver.findElement(RemoteWebDriver.java:363)at org.openqa.selenium.support.pagefactory.DefaultElementLocator.findElement(DefaultElementLocator.java:69)at org.openqa.selenium.support.pagefactory.internal.LocatingElementHandler.invoke(LocatingElementHandler.java:38)at com.sun.proxy.$Proxy11.isDisplayed(Unknown Source)at src.com.pack.common.pageobjects.HomePage.instagramfeed(HomePage.java:127)at src.com.pack.common.tests.LiveTest.HomepageTest(LiveTest.java:155)at sun.reflect.NativeMethodAccessorImpl.invoke0(Native Method)at sun.reflect.NativeMethodAccessorImpl.invoke(Unknown Source)at sun.reflect.DelegatingMethodAccessorImpl.invoke(Unknown Source)at java.lang.reflect.Method.invoke(Unknown Source)at org.testng.internal.MethodInvocationHelper.invokeMethod(MethodInvocationHelper.java:124)at org.testng.internal.Invoker.invokeMethod(Invoker.java:571)at org.testng.internal.Invoker.invokeTestMethod(Invoker.java:707)at org.testng.internal.Invoker.invokeTestMethods(Invoker.java:979)at org.testng.internal.TestMethodWorker.invokeTestMethods(TestMethodWorker.java:125)at org.testng.internal.TestMethodWorker.run(TestMethodWorker.java:109)at org.testng.TestRunner.privateRun(TestRunner.java:648)at org.testng.TestRunner.run(TestRunner.java:505)at org.testng.SuiteRunner.runTest(SuiteRunner.java:455)at org.testng.SuiteRunner.runSequentially(SuiteRunner.java:450)at org.testng.SuiteRunner.privateRun(SuiteRunner.java:415)at org.testng.SuiteRunner.run(SuiteRunner.java:364)at org.testng.SuiteRunnerWorker.runSuite(SuiteRunnerWorker.java:52)at org.testng.SuiteRunnerWorker.run(SuiteRunnerWorker.java:84)at org.testng.TestNG.runSuitesSequentially(TestNG.java:1187)at org.testng.TestNG.runSuitesSequentially(TestNG.java:1183)at org.testng.TestNG.runSuitesLocally(TestNG.java:1116)at org.testng.TestNG.runSuites(TestNG.java:1028)at org.testng.TestNG.run(TestNG.java:996)at org.testng.remote.AbstractRemoteTestNG.run(AbstractRemoteTestNG.java:114)at org.testng.remote.RemoteTestNG.initAndRun(RemoteTestNG.java:251)at org.testng.remote.RemoteTestNG.main(RemoteTestNG.java:77)]]>
            </full-stacktrace>
          </exception> <!-- org.openqa.selenium.NoSuchElementException -->
          <reporter-output>
            <line>
              <![CDATA[Logo Title-Cocopanda.se]]>
            </line>
            <line>
              <![CDATA[Search Box Present -true]]>
            </line>
            <line>
              <![CDATA[Search Button Present -true]]>
            </line>
            <line>
              <![CDATA[MyPage icon  -true]]>
            </line>
            <line>
              <![CDATA[Infocenter icon  -true]]>
            </line>
            <line>
              <![CDATA[Offer icon  -true]]>
            </line>
            <line>
              <![CDATA[Wishlist icon  -true]]>
            </line>
            <line>
              <![CDATA[Cart icon  -true]]>
            </line>
            <line>
              <![CDATA[Top Usp Bar  -true]]>
            </line>
            <line>
              <![CDATA[Main Banner  -true]]>
            </line>
            <line>
              <![CDATA[Recommended Product  -true]]>
            </line>
            <line>
              <![CDATA[Promo Banner  -true]]>
            </line>
          </reporter-output>
        </test-method> <!-- HomepageTest -->
        <test-method status="PASS" signature="afterMethod(org.testng.ITestResult)[pri:0, instance:src.com.pack.common.tests.LiveTest@757942a1]" name="afterMethod" is-config="true" duration-ms="1000" started-at="2018-04-16T10:38:20Z" finished-at="2018-04-16T10:38:21Z">
          <params>
            <param index="0">
              <value>
                <![CDATA[[TestResult name=HomepageTest status=FAILURE method=LiveTest.HomepageTest()[pri:1, instance:src.com.pack.common.tests.LiveTest@757942a1] output=Logo Title-Cocopanda.se]]]>
              </value>
            </param>
          </params>
          <reporter-output>
          </reporter-output>
        </test-method> <!-- afterMethod -->
        <test-method status="PASS" signature="SearchFunctionality()[pri:2, instance:src.com.pack.common.tests.LiveTest@757942a1]" name="SearchFunctionality" duration-ms="28151" started-at="2018-04-16T10:38:21Z" description="Search Functionality" finished-at="2018-04-16T10:38:49Z">
          <reporter-output>
            <line>
              <![CDATA[Search-Shampoo]]>
            </line>
            <line>
              <![CDATA[Sorting by Lägsta pris]]>
            </line>
            <line>
              <![CDATA[First item-31 krLast item-349 kr]]>
            </line>
            <line>
              <![CDATA[Search-Cream]]>
            </line>
            <line>
              <![CDATA[Sorting by Högsta rabatt]]>
            </line>
            <line>
              <![CDATA[First item-99 krLast item-95 kr]]>
            </line>
          </reporter-output>
        </test-method> <!-- SearchFunctionality -->
        <test-method status="PASS" signature="afterMethod(org.testng.ITestResult)[pri:0, instance:src.com.pack.common.tests.LiveTest@757942a1]" name="afterMethod" is-config="true" duration-ms="1" started-at="2018-04-16T10:38:49Z" finished-at="2018-04-16T10:38:49Z">
          <params>
            <param index="0">
              <value>
                <![CDATA[[TestResult name=SearchFunctionality status=SUCCESS method=LiveTest.SearchFunctionality()[pri:2, instance:src.com.pack.common.tests.LiveTest@757942a1] output=Search-Shampoo]]]>
              </value>
            </param>
          </params>
          <reporter-output>
          </reporter-output>
        </test-method> <!-- afterMethod -->
        <test-method status="PASS" signature="productList()[pri:3, instance:src.com.pack.common.tests.LiveTest@757942a1]" name="productList" duration-ms="15366" started-at="2018-04-16T10:38:49Z" description="Check Product List Page" finished-at="2018-04-16T10:39:05Z">
          <reporter-output>
            <line>
              <![CDATA[Menu Item-2-HUDVÅRD-Total Product-1586]]>
            </line>
            <line>
              <![CDATA[All image is in domain Cocopanda.se]]>
            </line>
            <line>
              <![CDATA[All image is in domain Cocopanda.se]]>
            </line>
            <line>
              <![CDATA[All image is in domain Cocopanda.se]]>
            </line>
            <line>
              <![CDATA[All image is in domain Cocopanda.se]]>
            </line>
            <line>
              <![CDATA[All image is in domain Cocopanda.se]]>
            </line>
            <line>
              <![CDATA[All image is in domain Cocopanda.se]]>
            </line>
            <line>
              <![CDATA[All image is in domain Cocopanda.se]]>
            </line>
            <line>
              <![CDATA[All image is in domain Cocopanda.se]]>
            </line>
            <line>
              <![CDATA[All image is in domain Cocopanda.se]]>
            </line>
            <line>
              <![CDATA[All image is in domain Cocopanda.se]]>
            </line>
            <line>
              <![CDATA[All image is in domain Cocopanda.se]]>
            </line>
            <line>
              <![CDATA[All image is in domain Cocopanda.se]]>
[...]
            </message>
            <full-stacktrace>
              <![CDATA[org.openqa.selenium.NoSuchElementException: no such element: Unable to locate element: {"method":"xpath","selector":"//div[contains(@class,'instagram-feed')]"}  (Session info: chrome=65.0.3325.181)  (Driver info: chromedriver=2.36.540470 (e522d04694c7ebea4ba8821272dbef4f9b818c91),platform=Windows NT 6.1.7601 SP1 x86_64) (WARNING: The server did not provide any stacktrace information)Command duration or timeout: 0 millisecondsFor documentation on this error, please visit: http://seleniumhq.org/exceptions/no_such_element.htmlBuild info: version: '3.10.0', revision: '176b4a9', time: '2018-03-02T19:11:12.151Z'System info: host: 'DPCD-D6M98R1', ip: '10.11.16.104', os.name: 'Windows 7', os.arch: 'amd64', os.version: '6.1', java.version: '1.8.0_151'Driver info: org.openqa.selenium.chrome.ChromeDriverCapabilities {acceptInsecureCerts: false, acceptSslCerts: false, applicationCacheEnabled: false, browserConnectionEnabled: false, browserName: chrome, chrome: {chromedriverVersion: 2.36.540470 (e522d04694c7eb..., userDataDir: C:\Users\RAJEEV~1.SIN\AppDa...}, cssSelectorsEnabled: true, databaseEnabled: false, handlesAlerts: true, hasTouchScreen: false, javascriptEnabled: true, locationContextEnabled: true, mobileEmulationEnabled: false, nativeEvents: true, networkConnectionEnabled: false, pageLoadStrategy: normal, platform: XP, platformName: XP, rotatable: false, setWindowRect: true, takesHeapSnapshot: true, takesScreenshot: true, unexpectedAlertBehaviour: , unhandledPromptBehavior: , version: 65.0.3325.181, webStorageEnabled: true}Session ID: ca8ff77a2ee2f4aeb80b7db8c294fd2d*** Element info: {Using=xpath, value=//div[contains(@class,'instagram-feed')]}at sun.reflect.NativeConstructorAccessorImpl.newInstance0(Native Method)at sun.reflect.NativeConstructorAccessorImpl.newInstance(Unknown Source)at sun.reflect.DelegatingConstructorAccessorImpl.newInstance(Unknown Source)at java.lang.reflect.Constructor.newInstance(Unknown Source)at org.openqa.selenium.remote.ErrorHandler.createThrowable(ErrorHandler.java:214)at org.openqa.selenium.remote.ErrorHandler.throwIfResponseFailed(ErrorHandler.java:166)at org.openqa.selenium.remote.http.JsonHttpResponseCodec.reconstructValue(JsonHttpResponseCodec.java:40)at org.openqa.selenium.remote.http.AbstractHttpResponseCodec.decode(AbstractHttpResponseCodec.java:80)at org.openqa.selenium.remote.http.AbstractHttpResponseCodec.decode(AbstractHttpResponseCodec.java:44)at org.openqa.selenium.remote.HttpCommandExecutor.execute(HttpCommandExecutor.java:160)at org.openqa.selenium.remote.service.DriverCommandExecutor.execute(DriverCommandExecutor.java:83)at org.openqa.selenium.remote.RemoteWebDriver.execute(RemoteWebDriver.java:601)at org.openqa.selenium.remote.RemoteWebDriver.findElement(RemoteWebDriver.java:371)at org.openqa.selenium.remote.RemoteWebDriver.findElementByXPath(RemoteWebDriver.java:473)at org.openqa.selenium.By$ByXPath.findElement(By.java:361)at org.openqa.selenium.remote.RemoteWebDriver.findElement(RemoteWebDriver.java:363)at org.openqa.selenium.support.pagefactory.DefaultElementLocator.findElement(DefaultElementLocator.java:69)at org.openqa.selenium.support.pagefactory.internal.LocatingElementHandler.invoke(LocatingElementHandler.java:38)at com.sun.proxy.$Proxy11.isDisplayed(Unknown Source)at src.com.pack.common.pageobjects.HomePage.instagramfeed(HomePage.java:127)at src.com.pack.common.tests.LiveTest.HomepageTest(LiveTest.java:155)at sun.reflect.NativeMethodAccessorImpl.invoke0(Native Method)at sun.reflect.NativeMethodAccessorImpl.invoke(Unknown Source)at sun.reflect.DelegatingMethodAccessorImpl.invoke(Unknown Source)at java.lang.reflect.Method.invoke(Unknown Source)at org.testng.internal.MethodInvocationHelper.invokeMethod(MethodInvocationHelper.java:124)at org.testng.internal.Invoker.invokeMethod(Invoker.java:571)at org.testng.internal.Invoker.invokeTestMethod(Invoker.java:707)at org.testng.internal.Invoker.invokeTestMethods(Invoker.java:979)at org.testng.internal.TestMethodWorker.invokeTestMethods(TestMethodWorker.java:125)at org.testng.internal.TestMethodWorker.run(TestMethodWorker.java:109)at org.testng.TestRunner.privateRun(TestRunner.java:648)at org.testng.TestRunner.run(TestRunner.java:505)at org.testng.SuiteRunner.runTest(SuiteRunner.java:455)at org.testng.SuiteRunner.runSequentially(SuiteRunner.java:450)at org.testng.SuiteRunner.privateRun(SuiteRunner.java:415)at org.testng.SuiteRunner.run(SuiteRunner.java:364)at org.testng.SuiteRunnerWorker.runSuite(SuiteRunnerWorker.java:52)at org.testng.SuiteRunnerWorker.run(SuiteRunnerWorker.java:84)at org.testng.TestNG.runSuitesSequentially(TestNG.java:1187)at org.testng.TestNG.runSuitesSequentially(TestNG.java:1183)at org.testng.TestNG.runSuitesLocally(TestNG.java:1116)at org.testng.TestNG.runSuites(TestNG.java:1028)at org.testng.TestNG.run(TestNG.java:996)at org.testng.remote.AbstractRemoteTestNG.run(AbstractRemoteTestNG.java:114)at org.testng.remote.RemoteTestNG.initAndRun(RemoteTestNG.java:251)at org.testng.remote.RemoteTestNG.main(RemoteTestNG.java:77)]]>
            </full-stacktrace>
          </exception> <!-- org.openqa.selenium.NoSuchElementException -->
          <reporter-output>
            <line>
              <![CDATA[Logo Title-Cocopanda.dk]]>
            </line>
            <line>
              <![CDATA[Search Box Present -true]]>
            </line>
            <line>
              <![CDATA[Search Button Present -true]]>
            </line>
            <line>
              <![CDATA[MyPage icon  -true]]>
            </line>
            <line>
              <![CDATA[Infocenter icon  -true]]>
            </line>
            <line>
              <![CDATA[Offer icon  -true]]>
            </line>
            <line>
              <![CDATA[Wishlist icon  -true]]>
            </line>
            <line>
              <![CDATA[Cart icon  -true]]>
            </line>
            <line>
              <![CDATA[Top Usp Bar  -true]]>
            </line>
            <line>
              <![CDATA[Main Banner  -true]]>
            </line>
            <line>
              <![CDATA[Recommended Product  -true]]>
            </line>
            <line>
              <![CDATA[Promo Banner  -true]]>
            </line>
          </reporter-output>
        </test-method> <!-- HomepageTest -->
        <test-method status="PASS" signature="afterMethod(org.testng.ITestResult)[pri:0, instance:src.com.pack.common.tests.LiveTest@17d0685f]" name="afterMethod" is-config="true" duration-ms="1001" started-at="2018-04-16T10:52:06Z" finished-at="2018-04-16T10:52:07Z">
          <params>
            <param index="0">
              <value>
                <![CDATA[[TestResult name=HomepageTest status=FAILURE method=LiveTest.HomepageTest()[pri:1, instance:src.com.pack.common.tests.LiveTest@17d0685f] output=Logo Title-Cocopanda.dk]]]>
              </value>
            </param>
          </params>
          <reporter-output>
          </reporter-output>
        </test-method> <!-- afterMethod -->
        <test-method status="PASS" signature="SearchFunctionality()[pri:2, instance:src.com.pack.common.tests.LiveTest@17d0685f]" name="SearchFunctionality" duration-ms="18947" started-at="2018-04-16T10:52:07Z" description="Search Functionality" finished-at="2018-04-16T10:52:26Z">
          <reporter-output>
            <line>
              <![CDATA[Search-Shampoo]]>
            </line>
            <line>
              <![CDATA[Sorting by Laveste pris]]>
            </line>
            <line>
              <![CDATA[First item-kr 13,-Last item-kr 34,-]]>
            </line>
            <line>
              <![CDATA[Search-Cream]]>
            </line>
            <line>
              <![CDATA[Sorting by Højeste rabat]]>
            </line>
            <line>
              <![CDATA[First item-kr 63,-Last item-kr 239,-]]>
            </line>
          </reporter-output>
        </test-method> <!-- SearchFunctionality -->
        <test-method status="PASS" signature="afterMethod(org.testng.ITestResult)[pri:0, instance:src.com.pack.common.tests.LiveTest@17d0685f]" name="afterMethod" is-config="true" duration-ms="0" started-at="2018-04-16T10:52:26Z" finished-at="2018-04-16T10:52:26Z">
          <params>
            <param index="0">
              <value>
                <![CDATA[[TestResult name=SearchFunctionality status=SUCCESS method=LiveTest.SearchFunctionality()[pri:2, instance:src.com.pack.common.tests.LiveTest@17d0685f] output=Search-Shampoo]]]>
              </value>
            </param>
          </params>
          <reporter-output>
          </reporter-output>
        </test-method> <!-- afterMethod -->
        <test-method status="PASS" signature="productList()[pri:3, instance:src.com.pack.common.tests.LiveTest@17d0685f]" name="productList" duration-ms="5726" started-at="2018-04-16T10:52:26Z" description="Check Product List Page" finished-at="2018-04-16T10:52:32Z">
          <reporter-output>
            <line>
              <![CDATA[Menu Item-2-HUDPLEJE-Total Product-1553]]>
            </line>
            <line>
              <![CDATA[All image is in domain Cocopanda.dk]]>
            </line>
            <line>
              <![CDATA[All image is in domain Cocopanda.dk]]>
            </line>
            <line>
              <![CDATA[All image is in domain Cocopanda.dk]]>
            </line>
            <line>
              <![CDATA[All image is in domain Cocopanda.dk]]>
            </line>
            <line>
              <![CDATA[All image is in domain Cocopanda.dk]]>
            </line>
            <line>
              <![CDATA[All image is in domain Cocopanda.dk]]>
            </line>
            <line>
              <![CDATA[All image is in domain Cocopanda.dk]]>
            </line>
            <line>
              <![CDATA[All image is in domain Cocopanda.dk]]>
            </line>
            <line>
              <![CDATA[All image is in domain Cocopanda.dk]]>
            </line>
            <line>
              <![CDATA[All image is in domain Cocopanda.dk]]>
            </line>
            <line>
              <![CDATA[All image is in domain Cocopanda.dk]]>
            </line>
            <line>
              <![CDATA[All image is in domain Cocopanda.dk]]>
            </line>
            <line>
              <![CDATA[All image is in domain Cocopanda.dk]]>
            </line>
            <line>
              <![CDATA[All image is in domain Cocopanda.dk]]>
            </line>
            <line>
              <![CDATA[All image is in domain Cocopanda.dk]]>
            </line>
            <line>
              <![CDATA[All image is in domain Cocopanda.dk]]>
            </line>
            <line>
              <![CDATA[All image is in domain Cocopanda.dk]]>
            </line>
            <line>
              <![CDATA[All image is in domain Cocopanda.dk]]>
            </line>
            <line>
              <![CDATA[All image is in domain Cocopanda.dk]]>
            </line>
            <line>
              <![CDATA[All image is in domain Cocopanda.dk]]>
            </line>
            <line>
              <![CDATA[All image is in domain Cocopanda.dk]]>
            </line>
            <line>
              <![CDATA[All image is in domain Cocopanda.dk]]>
            </line>
            <line>
              <![CDATA[All image is in domain Cocopanda.dk]]>
            </line>
            <line>
              <![CDATA[All image is in domain Cocopanda.dk]]>
            </line>
            <line>
              <![CDATA[All image is in domain Cocopanda.dk]]>
            </line>
            <line>
              <![CDATA[All image is in domain Cocopanda.dk]]>
            </line>
            <line>
              <![CDATA[All image is in domain Cocopanda.dk]]>
            </line>
            <line>
              <![CDATA[All image is in domain Cocopanda.dk]]>
            </line>
          </reporter-output>
        </test-method> <!-- productList -->
        <test-method status="PASS" signature="afterMethod(org.testng.ITestResult)[pri:0, instance:src.com.pack.common.tests.LiveTest@17d0685f]" name="afterMethod" is-config="true" duration-ms="0" started-at="2018-04-16T10:52:32Z" finished-at="2018-04-16T10:52:32Z">
          <params>
            <param index="0">
              <value>
                <![CDATA[[TestResult name=productList status=SUCCESS method=LiveTest.productList()[pri:3, instance:src.com.pack.common.tests.LiveTest@17d0685f] output=Menu Item-2-HUDPLEJE-Total Product-1553]]]>
              </value>
            </param>
          </params>
          <reporter-output>
          </reporter-output>
        </test-method> <!-- afterMethod -->
        <test-method status="PASS" signature="register()[pri:4, instance:src.com.pack.common.tests.LiveTest@17d0685f]" name="register" duration-ms="2712" started-at="2018-04-16T10:52:32Z" description="Check Registration Page" finished-at="2018-04-16T10:52:35Z">
          <reporter-output>
            <line>
              <![CDATA[Verify fields in registration form]]>
            </line>
            <line>
              <![CDATA[Mandatory field check in registration form]]>
            </line>
          </reporter-output>
        </test-method> <!-- register -->
        <test-method status="PASS" signature="productdetail()[pri:5, instance:src.com.pack.common.tests.LiveTest@17d0685f]" name="productdetail" duration-ms="15048" started-at="2018-04-16T10:52:35Z" description="Check Product Detail Page" finished-at="2018-04-16T10:52:50Z">
          <reporter-output>
            <line>
              <![CDATA[Navigate to HomePage]]>
            </line>
            <line>
              <![CDATA[Clicked on Menu-8-NYHEDER]]>
            </line>
            <line>
              <![CDATA[Product Location-21- Product Name -Moroccanoil Hydrating Styling Cream 300ml ]]>
            </line>
            <line>
              <![CDATA[Product Name-Moroccanoil Hydrating Styling Cream 300ml]]>
            </line>
            <line>
              <![CDATA[Wishlist button present]]>
            </line>
            <line>
              <![CDATA[Description Displaying]]>
            </line>
            <line>
              <![CDATA[Product Image Displaying]]>
            </line>
            <line>
              <![CDATA[Review button Displaying]]>
            </line>
            <line>
              <![CDATA[Sale Price Displaying]]>
            </line>
            <line>
              <![CDATA[Qty dropdown Displaying]]>
            </line>
            <line>
              <![CDATA[Add to cart  button Displaying]]>
            </line>
          </reporter-output>
        </test-method> <!-- productdetail -->
        <test-method status="PASS" signature="afterMethod(org.testng.ITestResult)[pri:0, instance:src.com.pack.common.tests.LiveTest@17d0685f]" name="afterMethod" is-config="true" duration-ms="0" started-at="2018-04-16T10:52:35Z" finished-at="2018-04-16T10:52:35Z">
          <params>
            <param index="0">
              <value>
                <![CDATA[[TestResult name=register status=SUCCESS method=LiveTest.register()[pri:4, instance:src.com.pack.common.tests.LiveTest@17d0685f] output=Verify fields in registration form]]]>
              </value>
            </param>
          </params>
          <reporter-output>
          </reporter-output>
        </test-method> <!-- afterMethod -->
        <test-method status="PASS" signature="afterMethod(org.testng.ITestResult)[pri:0, instance:src.com.pack.common.tests.LiveTest@17d0685f]" name="afterMethod" is-config="true" duration-ms="0" started-at="2018-04-16T10:52:50Z" finished-at="2018-04-16T10:52:50Z">
          <params>
            <param index="0">
              <value>
                <![CDATA[[TestResult name=productdetail status=SUCCESS method=LiveTest.productdetail()[pri:5, instance:src.com.pack.common.tests.LiveTest@17d0685f] output=Navigate to HomePage]]]>
              </value>
            </param>
          </params>
          <reporter-output>
          </reporter-output>
        </test-method> <!-- afterMethod -->
        <test-method status="PASS" signature="cartpage()[pri:6, instance:src.com.pack.common.tests.LiveTest@17d0685f]" name="cartpage" duration-ms="32209" started-at="2018-04-16T10:52:50Z" description="Check cart page" finished-at="2018-04-16T10:53:22Z">
          <reporter-output>
            <line>
              <![CDATA[Navigate to HomePage]]>
            </line>
            <line>
              <![CDATA[Clicked on Menu-8-NYHEDER]]>
            </line>
            <line>
              <![CDATA[Product Location-14- Product Name -Moroccanoil Extra Volume Conditioner 250ml ]]>
            </line>
            <line>
              <![CDATA[Product Final Price- kr 146,-]]>
            </line>
            <line>
              <![CDATA[Product add to cart- 2]]>
            </line>
            <line>
              <![CDATA[Total Qty-3 ,Amount-Totalsum kr 438,-]]>
            </line>
            <line>
              <![CDATA[Checkout Button Clicked]]>
            </line>
            <line>
              <![CDATA[Offer Available]]>
            </line>
            <line>
              <![CDATA[Click Checkout button from Offer page]]>
            </line>
          </reporter-output>
        </test-method> <!-- cartpage -->
        <test-method status="PASS" signature="afterMethod(org.testng.ITestResult)[pri:0, instance:src.com.pack.common.tests.LiveTest@17d0685f]" name="afterMethod" is-config="true" duration-ms="0" started-at="2018-04-16T10:53:22Z" finished-at="2018-04-16T10:53:22Z">
          <params>
            <param index="0">
              <value>
                <![CDATA[[TestResult name=cartpage status=SUCCESS method=LiveTest.cartpage()[pri:6, instance:src.com.pack.common.tests.LiveTest@17d0685f] output=Navigate to HomePage]]]>
              </value>
            </param>
          </params>
          <reporter-output>
          </reporter-output>
        </test-method> <!-- afterMethod -->
        <test-method status="PASS" signature="tearDown()[pri:0, instance:src.com.pack.common.tests.LiveTest@17d0685f]" name="tearDown" is-config="true" duration-ms="800" started-at="2018-04-16T10:53:22Z" finished-at="2018-04-16T10:53:23Z">
          <reporter-output>
          </reporter-output>
        </test-method> <!-- tearDown -->
      </class> <!-- src.com.pack.common.tests.LiveTest -->
    </test> <!-- CP-Denmark -->
  </suite> <!-- Live Site Testing -->
  <suite name="Fixed Price Test Suite" duration-ms="0" started-at="2018-04-16T05:23:23Z" finished-at="2018-04-16T05:23:23Z">
    <groups>
    </groups>
  </suite> <!-- Fixed Price Test Suite -->
</testng-results>
