<?xml version="1.0" encoding="UTF-8"?>
<testng-results skipped="0" failed="0" ignored="3" total="7" passed="4">
  <reporter-output>
    <line>
      <![CDATA[Navigate to HomePage]]>
    </line>
    <line>
      <![CDATA[Clicked on Menu-7-OUTLET]]>
    </line>
    <line>
      <![CDATA[Product Location-11- Product Name -Ardell Curvy Lashes #410]]>
    </line>
    <line>
      <![CDATA[Product Name-Curvy Lashes #410]]>
    </line>
    <line>
      <![CDATA[Wishlist button present]]>
    </line>
    <line>
      <![CDATA[Description Displaying]]>
    </line>
    <line>
      <![CDATA[Product Image Displaying]]>
    </line>
    <line>
      <![CDATA[Review button Displaying]]>
    </line>
    <line>
      <![CDATA[Sale Price Displaying]]>
    </line>
    <line>
      <![CDATA[Qty dropdown Displaying]]>
    </line>
    <line>
      <![CDATA[Add to cart  button Displaying]]>
    </line>
    <line>
      <![CDATA[Product Final Price- 5,85 €]]>
    </line>
    <line>
      <![CDATA[Product add to cart- 2]]>
    </line>
    <line>
      <![CDATA[Total Qty-3 ,Amount-Yhteensä 20,55 €]]>
    </line>
    <line>
      <![CDATA[Checkout Button Clicked]]>
    </line>
    <line>
      <![CDATA[Offer Available]]>
    </line>
    <line>
      <![CDATA[Email Enterered- rajeev-16-apr@netthandelen.no]]>
    </line>
    <line>
      <![CDATA[Verify fields in Checkout form]]>
    </line>
    <line>
      <![CDATA[First Name Field -true]]>
    </line>
    <line>
      <![CDATA[Last Name Field -true]]>
    </line>
    <line>
      <![CDATA[Address  Field -true]]>
    </line>
    <line>
      <![CDATA[Zipcode  Field -true]]>
    </line>
    <line>
      <![CDATA[Mobile  Field -true]]>
    </line>
    <line>
      <![CDATA[Mandatory field check in registration form]]>
    </line>
  </reporter-output>
  <suite name="Live Site Testing" duration-ms="99450" started-at="2018-04-16T10:07:38Z" finished-at="2018-04-16T10:09:17Z">
    <groups>
      <group name="ProductList">
        <method signature="LiveTest.productList()[pri:4, instance:src.com.pack.common.tests.LiveTest@12cdcf4]" name="productList" class="src.com.pack.common.tests.LiveTest"/>
      </group> <!-- ProductList -->
      <group name="Checkout">
        <method signature="LiveTest.checkout()[pri:7, instance:src.com.pack.common.tests.LiveTest@12cdcf4]" name="checkout" class="src.com.pack.common.tests.LiveTest"/>
      </group> <!-- Checkout -->
      <group name="ProductDetail">
        <method signature="LiveTest.productdetail()[pri:5, instance:src.com.pack.common.tests.LiveTest@12cdcf4]" name="productdetail" class="src.com.pack.common.tests.LiveTest"/>
      </group> <!-- ProductDetail -->
      <group name="Cartpage ">
        <method signature="LiveTest.cartpage()[pri:6, instance:src.com.pack.common.tests.LiveTest@12cdcf4]" name="cartpage" class="src.com.pack.common.tests.LiveTest"/>
      </group> <!-- Cartpage  -->
    </groups>
    <test name="CP-Finland" duration-ms="99450" started-at="2018-04-16T10:07:38Z" finished-at="2018-04-16T10:09:17Z">
      <class name="src.com.pack.common.tests.LiveTest">
        <test-method status="PASS" signature="initializeTestBaseSetup(java.lang.String, java.lang.String, java.lang.String, java.lang.String, java.lang.String)[pri:0, instance:src.com.pack.common.tests.LiveTest@12cdcf4]" name="initializeTestBaseSetup" is-config="true" duration-ms="31372" started-at="2018-04-16T15:37:38Z" finished-at="2018-04-16T15:38:09Z">
          <params>
            <param index="0">
              <value>
                <![CDATA[chrome]]>
              </value>
            </param>
            <param index="1">
              <value>
                <![CDATA[CPFI]]>
              </value>
            </param>
            <param index="2">
              <value>
                <![CDATA[Live]]>
              </value>
            </param>
            <param index="3">
              <value>
                <![CDATA[venkata.rao]]>
              </value>
            </param>
            <param index="4">
              <value>
                <![CDATA[Saisree@25]]>
              </value>
            </param>
          </params>
          <reporter-output>
          </reporter-output>
        </test-method> <!-- initializeTestBaseSetup -->
        <test-method status="PASS" signature="setUp(org.testng.ITestContext)[pri:0, instance:src.com.pack.common.tests.LiveTest@12cdcf4]" name="setUp" is-config="true" duration-ms="2475" started-at="2018-04-16T15:38:09Z" finished-at="2018-04-16T15:38:12Z">
          <params>
            <param index="0">
              <value>
                <![CDATA[org.testng.TestRunner@1cdc4c27]]>
              </value>
            </param>
          </params>
          <reporter-output>
          </reporter-output>
        </test-method> <!-- setUp -->
        <test-method status="PASS" signature="productList()[pri:4, instance:src.com.pack.common.tests.LiveTest@12cdcf4]" name="productList" duration-ms="27231" started-at="2018-04-16T15:38:12Z" description="Check Product List Page" finished-at="2018-04-16T15:38:39Z">
          <reporter-output>
            <line>
              <![CDATA[Navigate to HomePage]]>
            </line>
            <line>
              <![CDATA[Clicked on Menu-7-OUTLET]]>
            </line>
            <line>
              <![CDATA[Product Location-11- Product Name -Ardell Curvy Lashes #410]]>
            </line>
          </reporter-output>
        </test-method> <!-- productList -->
        <test-method status="PASS" signature="afterMethod(org.testng.ITestResult)[pri:0, instance:src.com.pack.common.tests.LiveTest@12cdcf4]" name="afterMethod" is-config="true" duration-ms="0" started-at="2018-04-16T15:38:39Z" finished-at="2018-04-16T15:38:39Z">
          <params>
            <param index="0">
              <value>
                <![CDATA[[TestResult name=productList status=SUCCESS method=LiveTest.productList()[pri:4, instance:src.com.pack.common.tests.LiveTest@12cdcf4] output=Navigate to HomePage]]]>
              </value>
            </param>
          </params>
          <reporter-output>
          </reporter-output>
        </test-method> <!-- afterMethod -->
        <test-method status="PASS" signature="productdetail()[pri:5, instance:src.com.pack.common.tests.LiveTest@12cdcf4]" name="productdetail" duration-ms="258" started-at="2018-04-16T15:38:39Z" description="Check Product Detail Page" finished-at="2018-04-16T15:38:39Z">
          <reporter-output>
            <line>
              <![CDATA[Product Name-Curvy Lashes #410]]>
            </line>
            <line>
              <![CDATA[Wishlist button present]]>
            </line>
            <line>
              <![CDATA[Description Displaying]]>
            </line>
            <line>
              <![CDATA[Product Image Displaying]]>
            </line>
            <line>
              <![CDATA[Review button Displaying]]>
            </line>
            <line>
              <![CDATA[Sale Price Displaying]]>
            </line>
            <line>
              <![CDATA[Qty dropdown Displaying]]>
            </line>
            <line>
              <![CDATA[Add to cart  button Displaying]]>
            </line>
          </reporter-output>
        </test-method> <!-- productdetail -->
        <test-method status="PASS" signature="afterMethod(org.testng.ITestResult)[pri:0, instance:src.com.pack.common.tests.LiveTest@12cdcf4]" name="afterMethod" is-config="true" duration-ms="0" started-at="2018-04-16T15:38:39Z" finished-at="2018-04-16T15:38:39Z">
          <params>
            <param index="0">
              <value>
                <![CDATA[[TestResult name=productdetail status=SUCCESS method=LiveTest.productdetail()[pri:5, instance:src.com.pack.common.tests.LiveTest@12cdcf4] output=Product Name-Curvy Lashes #410]]]>
              </value>
            </param>
          </params>
          <reporter-output>
          </reporter-output>
        </test-method> <!-- afterMethod -->
        <test-method status="PASS" signature="cartpage()[pri:6, instance:src.com.pack.common.tests.LiveTest@12cdcf4]" name="cartpage" duration-ms="27137" started-at="2018-04-16T15:38:39Z" description="Check  page test" finished-at="2018-04-16T15:39:07Z">
          <reporter-output>
            <line>
              <![CDATA[Product Final Price- 5,85 €]]>
            </line>
            <line>
              <![CDATA[Product add to cart- 2]]>
            </line>
            <line>
              <![CDATA[Total Qty-3 ,Amount-Yhteensä 20,55 €]]>
            </line>
            <line>
              <![CDATA[Checkout Button Clicked]]>
            </line>
            <line>
              <![CDATA[Offer Available]]>
            </line>
            <line>
              <![CDATA[Email Enterered- rajeev-16-apr@netthandelen.no]]>
            </line>
          </reporter-output>
        </test-method> <!-- cartpage -->
        <test-method status="PASS" signature="afterMethod(org.testng.ITestResult)[pri:0, instance:src.com.pack.common.tests.LiveTest@12cdcf4]" name="afterMethod" is-config="true" duration-ms="1" started-at="2018-04-16T15:39:07Z" finished-at="2018-04-16T15:39:07Z">
          <params>
            <param index="0">
              <value>
                <![CDATA[[TestResult name=cartpage status=SUCCESS method=LiveTest.cartpage()[pri:6, instance:src.com.pack.common.tests.LiveTest@12cdcf4] output=Product Final Price- 5,85 €]]]>
              </value>
            </param>
          </params>
          <reporter-output>
          </reporter-output>
        </test-method> <!-- afterMethod -->
        <test-method status="PASS" signature="checkout()[pri:7, instance:src.com.pack.common.tests.LiveTest@12cdcf4]" name="checkout" duration-ms="10229" started-at="2018-04-16T15:39:07Z" description="Checkout page test" finished-at="2018-04-16T15:39:17Z">
          <reporter-output>
            <line>
              <![CDATA[Verify fields in Checkout form]]>
            </line>
            <line>
              <![CDATA[First Name Field -true]]>
            </line>
            <line>
              <![CDATA[Last Name Field -true]]>
            </line>
            <line>
              <![CDATA[Address  Field -true]]>
            </line>
            <line>
              <![CDATA[Zipcode  Field -true]]>
            </line>
            <line>
              <![CDATA[Mobile  Field -true]]>
            </line>
            <line>
              <![CDATA[Mandatory field check in registration form]]>
            </line>
          </reporter-output>
        </test-method> <!-- checkout -->
        <test-method status="PASS" signature="tearDown()[pri:0, instance:src.com.pack.common.tests.LiveTest@12cdcf4]" name="tearDown" is-config="true" duration-ms="721" started-at="2018-04-16T15:39:17Z" finished-at="2018-04-16T15:39:17Z">
          <reporter-output>
          </reporter-output>
        </test-method> <!-- tearDown -->
        <test-method status="PASS" signature="afterMethod(org.testng.ITestResult)[pri:0, instance:src.com.pack.common.tests.LiveTest@12cdcf4]" name="afterMethod" is-config="true" duration-ms="0" started-at="2018-04-16T15:39:17Z" finished-at="2018-04-16T15:39:17Z">
          <params>
            <param index="0">
              <value>
                <![CDATA[[TestResult name=checkout status=SUCCESS method=LiveTest.checkout()[pri:7, instance:src.com.pack.common.tests.LiveTest@12cdcf4] output=Verify fields in Checkout form]]]>
              </value>
            </param>
          </params>
          <reporter-output>
          </reporter-output>
        </test-method> <!-- afterMethod -->
      </class> <!-- src.com.pack.common.tests.LiveTest -->
    </test> <!-- CP-Finland -->
  </suite> <!-- Live Site Testing -->
  <suite name="Fixed Price Test Suite" duration-ms="0" started-at="2018-04-16T10:09:18Z" finished-at="2018-04-16T10:09:18Z">
    <groups>
    </groups>
  </suite> <!-- Fixed Price Test Suite -->
</testng-results>
